<?xml version="1.0" encoding="UTF-8"?>
<testsuite name="com.example.smartshuffle.domain.RankingEngineTest" tests="18" skipped="0" failures="0" errors="0" timestamp="2026-09-20T13:22:00" hostname="ABHINAND" time="0.323">
  <properties/>
  <testcase name="incrementRank records PlayHistory entry" classname="com.example.smartshuffle.domain.RankingEngineTest" time="0.186"/>
  <testcase name="incrementRank with MANUAL uses MANUAL_RANK_INCREMENT" classname="com.example.smartshuffle.domain.RankingEngineTest" time="0.001"/>
  <testcase name="excludeSongId is never selected" classname="com.example.smartshuffle.domain.RankingEngineTest" time="0.022"/>
  <testcase name="song ranked at t=0 returns effective rank 0 at t = 3 days" classname="com.example.smartshuffle.domain.RankingEngineTest" time="0.0"/>
  <testcase name="song ranked at t=0 returns full rankValue when queried at t=0" classname="com.example.smartshuffle.domain.RankingEngineTest" time="0.0"/>
  <testcase name="song ranked at t=0 returns effective rank 0 when well past decay period" classname="com.example.smartshuffle.domain.RankingEngineTest" time="0.0"/>
  <testcase name="selectNextShuffleSong returns null when no valid candidates" classname="com.example.smartshuffle.domain.RankingEngineTest" time="0.001"/>
  <testcase name="weighted selection favors rank-0 song over high-rank songs" classname="com.example.smartshuffle.domain.RankingEngineTest" time="0.043"/>
  <testcase name="weighted selection picks every song at least occasionally with equal ranks" classname="com.example.smartshuffle.domain.RankingEngineTest" time="0.014"/>
  <testcase name="song with no SongRank entry returns effective rank 0" classname="com.example.smartshuffle.domain.RankingEngineTest" time="0.002"/>
  <testcase name="SHUFFLE increment is exactly double MANUAL increment" classname="com.example.smartshuffle.domain.RankingEngineTest" time="0.0"/>
  <testcase name="incrementRank with SHUFFLE uses SHUFFLE_RANK_INCREMENT" classname="com.example.smartshuffle.domain.RankingEngineTest" time="0.003"/>
  <testcase name="song ranked at t=0 returns half rankValue at t = 1_5 days" classname="com.example.smartshuffle.domain.RankingEngineTest" time="0.0"/>
  <testcase name="selectNextShuffleSong respects playlistContext scope" classname="com.example.smartshuffle.domain.RankingEngineTest" time="0.003"/>
  <testcase name="large rank disparity still allows occasional selection of high-rank songs" classname="com.example.smartshuffle.domain.RankingEngineTest" time="0.031"/>
  <testcase name="automated reproduction test - fill buffer 50 times and check for duplicates" classname="com.example.smartshuffle.domain.RankingEngineTest" time="0.008"/>
  <testcase name="selectNextShuffleSong returns null when library is empty" classname="com.example.smartshuffle.domain.RankingEngineTest" time="0.004"/>
  <testcase name="re-play before full decay stacks correctly on decaying value" classname="com.example.smartshuffle.domain.RankingEngineTest" time="0.002"/>
  <system-out><![CDATA[PERF_AUDIT: selectNextShuffleSong executed in 3ms for 4 candidates
PERF_AUDIT: selectNextShuffleSong executed in 0ms for 4 candidates
PERF_AUDIT: selectNextShuffleSong executed in 0ms for 4 candidates
PERF_AUDIT: selectNextShuffleSong executed in 0ms for 4 candidates
PERF_AUDIT: selectNextShuffleSong executed in 0ms for 4 candidates
PERF_AUDIT: selectNextShuffleSong executed in 0ms for 4 candidates
PERF_AUDIT: selectNextShuffleSong executed in 0ms for 4 candidates
PERF_AUDIT: selectNextShuffleSong executed in 0ms for 4 candidates
PERF_AUDIT: selectNextShuffleSong executed in 0ms for 4 candidates
PERF_AUDIT: selectNextShuffleSong executed in 0ms for 4 candidates
PERF_AUDIT: selectNextShuffleSong executed in 0ms for 4 candidates
PERF_AUDIT: selectNextShuffleSong executed in 0ms for 4 candidates
PERF_AUDIT: selectNextShuffleSong executed in 0ms for 4 candidates
PERF_AUDIT: selectNextShuffleSong executed in 0ms for 4 candidates
PERF_AUDIT: selectNextShuffleSong executed in 0ms for 4 candidates
PERF_AUDIT: selectNextShuffleSong executed in 0ms for 4 candidates
PERF_AUDIT: selectNextShuffleSong executed in 0ms for 4 candidates
PERF_AUDIT: selectNextShuffleSong executed in 0ms for 4 candidates
PERF_AUDIT: selectNextShuffleSong executed in 0ms for 4 candidates
PERF_AUDIT: selectNextShuffleSong executed in 0ms for 4 candidates
PERF_AUDIT: selectNextShuffleSong executed in 0ms for 4 candidates
PERF_AUDIT: selectNextShuffleSong executed in 0ms for 4 candidates
PERF_AUDIT: selectNextShuffleSong executed in 0ms for 4 candidates
PERF_AUDIT: selectNextShuffleSong executed in 0ms for 4 candidates
PERF_AUDIT: selectNextShuffleSong executed in 0ms for 4 candidates
PERF_AUDIT: selectNextShuffleSong executed in 0ms for 4 candidates
PERF_AUDIT: selectNextShuffleSong executed in 0ms for 4 candidates
PERF_AUDIT: selectNextShuffleSong executed in 0ms for 4 candidates
PERF_AUDIT: selectNextShuffleSong executed in 0ms for 4 candidates
PERF_AUDIT: selectNextShuffleSong executed in 0ms for 4 candidates
PERF_AUDIT: selectNextShuffleSong executed in 0ms for 4 candidates
PERF_AUDIT: selectNextShuffleSong executed in 0ms for 4 candidates
PERF_AUDIT: selectNextShuffleSong executed in 0ms for 4 candidates
PERF_AUDIT: selectNextShuffleSong executed in 1ms for 4 candidates
PERF_AUDIT: selectNextShuffleSong executed in 0ms for 4 candidates
PERF_AUDIT: selectNextShuffleSong executed in 0ms for 4 candidates
PERF_AUDIT: selectNextShuffleSong executed in 0ms for 4 candidates
PERF_AUDIT: selectNextShuffleSong executed in 0ms for 4 candidates
PERF_AUDIT: selectNextShuffleSong executed in 0ms for 4 candidates
PERF_AUDIT: selectNextShuffleSong executed in 0ms for 4 candidates
PERF_AUDIT: selectNextShuffleSong executed in 0ms for 4 candidates
PERF_AUDIT: selectNextShuffleSong executed in 0ms for 4 candidates
PERF_AUDIT: selectNextShuffleSong executed in 0ms for 4 candidates
PERF_AUDIT: selectNextShuffleSong executed in 0ms for 4 candidates
PERF_AUDIT: selectNextShuffleSong executed in 0ms for 4 candidates
PERF_AUDIT: selectNextShuffleSong executed in 0ms for 4 candidates
PERF_AUDIT: selectNextShuffleSong executed in 0ms for 4 candidates
PERF_AUDIT: selectNextShuffleSong executed in 0ms for 4 candidates
PERF_AUDIT: selectNextShuffleSong executed in 0ms for 4 candidates
PERF_AUDIT: selectNextShuffleSong executed in 0ms for 4 candidates
PERF_AUDIT: selectNextShuffleSong executed in 0ms for 4 candidates
PERF_AUDIT: selectNextShuffleSong executed in 0ms for 4 candidates
PERF_AUDIT: selectNextShuffleSong executed in 0ms for 4 candidates
PERF_AUDIT: selectNextShuffleSong executed in 0ms for 4 candidates
PERF_AUDIT: selectNextShuffleSong executed in 0ms for 4 candidates
PERF_AUDIT: selectNextShuffleSong executed in 0ms for 4 candidates
PERF_AUDIT: selectNextShuffleSong executed in 0ms for 4 candidates
PERF_AUDIT: selectNextShuffleSong executed in 0ms for 4 candidates
PERF_AUDIT: selectNextShuffleSong executed in 1ms for 4 candidates
PERF_AUDIT: selectNextShuffleSong executed in 0ms for 4 candidates
PERF_AUDIT: selectNextShuffleSong executed in 0ms for 4 candidates
PERF_AUDIT: selectNextShuffleSong executed in 0ms for 4 candidates
PERF_AUDIT: selectNextShuffleSong executed in 0ms for 4 candidates
PERF_AUDIT: selectNextShuffleSong executed in 0ms for 4 candidates
PERF_AUDIT: selectNextShuffleSong executed in 0ms for 4 candidates
PERF_AUDIT: selectNextShuffleSong executed in 0ms for 4 candidates
PERF_AUDIT: selectNextShuffleSong executed in 0ms for 4 candidates
PERF_AUDIT: selectNextShuffleSong executed in 0ms for 4 candidates
PERF_AUDIT: selectNextShuffleSong executed in 0ms for 4 candidates
PERF_AUDIT: selectNextShuffleSong executed in 0ms for 4 candidates
PERF_AUDIT: selectNextShuffleSong executed in 0ms for 4 candidates
PERF_AUDIT: selectNextShuffleSong executed in 0ms for 4 candidates
PERF_AUDIT: selectNextShuffleSong executed in 0ms for 4 candidates
PERF_AUDIT: selectNextShuffleSong executed in 0ms for 4 candidates
PERF_AUDIT: selectNextShuffleSong executed in 0ms for 4 candidates
PERF_AUDIT: selectNextShuffleSong executed in 0ms for 4 candidates
PERF_AUDIT: selectNextShuffleSong executed in 0ms for 4 candidates
PERF_AUDIT: selectNextShuffleSong executed in 0ms for 4 candidates
PERF_AUDIT: selectNextShuffleSong executed in 0ms for 4 candidates
PERF_AUDIT: selectNextShuffleSong executed in 0ms for 4 candidates
PERF_AUDIT: selectNextShuffleSong executed in 0ms for 4 candidates
PERF_AUDIT: selectNextShuffleSong executed in 0ms for 4 candidates
PERF_AUDIT: selectNextShuffleSong executed in 0ms for 4 candidates
PERF_AUDIT: selectNextShuffleSong executed in 0ms for 4 candidates
PERF_AUDIT: selectNextShuffleSong executed in 0ms for 4 candidates
PERF_AUDIT: selectNextShuffleSong executed in 0ms for 4 candidates
PERF_AUDIT: selectNextShuffleSong executed in 0ms for 4 candidates
PERF_AUDIT: selectNextShuffleSong executed in 0ms for 4 candidates
PERF_AUDIT: selectNextShuffleSong executed in 0ms for 4 candidates
PERF_AUDIT: selectNextShuffleSong executed in 0ms for 4 candidates
PERF_AUDIT: selectNextShuffleSong executed in 0ms for 4 candidates
PERF_AUDIT: selectNextShuffleSong executed in 0ms for 4 candidates
PERF_AUDIT: selectNextShuffleSong executed in 0ms for 4 candidates
PERF_AUDIT: selectNextShuffleSong executed in 0ms for 4 candidates
PERF_AUDIT: selectNextShuffleSong executed in 0ms for 4 candidates
PERF_AUDIT: selectNextShuffleSong executed in 0ms for 4 candidates
PERF_AUDIT: selectNextShuffleSong executed in 0ms for 4 candidates
PERF_AUDIT: selectNextShuffleSong executed in 0ms for 4 candidates
PERF_AUDIT: selectNextShuffleSong executed in 0ms for 4 candidates
PERF_AUDIT: selectNextShuffleSong executed in 0ms for 4 candidates
PERF_AUDIT: selectNextShuffleSong executed in 0ms for 4 candidates
PERF_AUDIT: selectNextShuffleSong executed in 0ms for 4 candidates
PERF_AUDIT: selectNextShuffleSong executed in 0ms for 4 candidates
PERF_AUDIT: selectNextShuffleSong executed in 0ms for 4 candidates
PERF_AUDIT: selectNextShuffleSong executed in 0ms for 4 candidates
PERF_AUDIT: selectNextShuffleSong executed in 0ms for 4 candidates
PERF_AUDIT: selectNextShuffleSong executed in 0ms for 4 candidates
PERF_AUDIT: selectNextShuffleSong executed in 0ms for 4 candidates
PERF_AUDIT: selectNextShuffleSong executed in 0ms for 4 candidates
PERF_AUDIT: selectNextShuffleSong executed in 0ms for 4 candidates
PERF_AUDIT: selectNextShuffleSong executed in 0ms for 4 candidates
PERF_AUDIT: selectNextShuffleSong executed in 0ms for 4 candidates
PERF_AUDIT: selectNextShuffleSong executed in 0ms for 4 candidates
PERF_AUDIT: selectNextShuffleSong executed in 0ms for 4 candidates
PERF_AUDIT: selectNextShuffleSong executed in 0ms for 4 candidates
PERF_AUDIT: selectNextShuffleSong executed in 0ms for 4 candidates
PERF_AUDIT: selectNextShuffleSong executed in 0ms for 4 candidates
PERF_AUDIT: selectNextShuffleSong executed in 0ms for 4 candidates
PERF_AUDIT: selectNextShuffleSong executed in 0ms for 4 candidates
PERF_AUDIT: selectNextShuffleSong executed in 0ms for 4 candidates
PERF_AUDIT: selectNextShuffleSong executed in 0ms for 4 candidates
PERF_AUDIT: selectNextShuffleSong executed in 0ms for 4 candidates
PERF_AUDIT: selectNextShuffleSong executed in 0ms for 4 candidates
PERF_AUDIT: selectNextShuffleSong executed in 0ms for 4 candidates
PERF_AUDIT: selectNextShuffleSong executed in 0ms for 4 candidates
PERF_AUDIT: selectNextShuffleSong executed in 0ms for 4 candidates
PERF_AUDIT: selectNextShuffleSong executed in 0ms for 4 candidates
PERF_AUDIT: selectNextShuffleSong executed in 0ms for 4 candidates
PERF_AUDIT: selectNextShuffleSong executed in 0ms for 4 candidates
PERF_AUDIT: selectNextShuffleSong executed in 0ms for 4 candidates
PERF_AUDIT: selectNextShuffleSong executed in 0ms for 4 candidates
PERF_AUDIT: selectNextShuffleSong executed in 0ms for 4 candidates
PERF_AUDIT: selectNextShuffleSong executed in 0ms for 4 candidates
PERF_AUDIT: selectNextShuffleSong executed in 0ms for 4 candidates
PERF_AUDIT: selectNextShuffleSong executed in 0ms for 4 candidates
PERF_AUDIT: selectNextShuffleSong executed in 0ms for 4 candidates
PERF_AUDIT: selectNextShuffleSong executed in 0ms for 4 candidates
PERF_AUDIT: selectNextShuffleSong executed in 0ms for 4 candidates
PERF_AUDIT: selectNextShuffleSong executed in 0ms for 4 candidates
PERF_AUDIT: selectNextShuffleSong executed in 0ms for 4 candidates
PERF_AUDIT: selectNextShuffleSong executed in 0ms for 4 candidates
PERF_AUDIT: selectNextShuffleSong executed in 0ms for 4 candidates
PERF_AUDIT: selectNextShuffleSong executed in 0ms for 4 candidates
PERF_AUDIT: selectNextShuffleSong executed in 0ms for 4 candidates
PERF_AUDIT: selectNextShuffleSong executed in 0ms for 4 candidates
PERF_AUDIT: selectNextShuffleSong executed in 0ms for 4 candidates
PERF_AUDIT: selectNextShuffleSong executed in 0ms for 4 candidates
PERF_AUDIT: selectNextShuffleSong executed in 0ms for 4 candidates
PERF_AUDIT: selectNextShuffleSong executed in 0ms for 4 candidates
PERF_AUDIT: selectNextShuffleSong executed in 0ms for 4 candidates
PERF_AUDIT: selectNextShuffleSong executed in 0ms for 4 candidates
PERF_AUDIT: selectNextShuffleSong executed in 0ms for 4 candidates
PERF_AUDIT: selectNextShuffleSong executed in 0ms for 4 candidates
PERF_AUDIT: selectNextShuffleSong executed in 0ms for 4 candidates
PERF_AUDIT: selectNextShuffleSong executed in 0ms for 4 candidates
PERF_AUDIT: selectNextShuffleSong executed in 0ms for 4 candidates
PERF_AUDIT: selectNextShuffleSong executed in 0ms for 4 candidates
PERF_AUDIT: selectNextShuffleSong executed in 0ms for 4 candidates
PERF_AUDIT: selectNextShuffleSong executed in 0ms for 4 candidates
PERF_AUDIT: selectNextShuffleSong executed in 0ms for 4 candidates
PERF_AUDIT: selectNextShuffleSong executed in 0ms for 4 candidates
PERF_AUDIT: selectNextShuffleSong executed in 0ms for 4 candidates
PERF_AUDIT: selectNextShuffleSong executed in 0ms for 4 candidates
PERF_AUDIT: selectNextShuffleSong executed in 0ms for 4 candidates
PERF_AUDIT: selectNextShuffleSong executed in 0ms for 4 candidates
PERF_AUDIT: selectNextShuffleSong executed in 0ms for 4 candidates
PERF_AUDIT: selectNextShuffleSong executed in 0ms for 4 candidates
PERF_AUDIT: selectNextShuffleSong executed in 0ms for 4 candidates
PERF_AUDIT: selectNextShuffleSong executed in 0ms for 4 candidates
PERF_AUDIT: selectNextShuffleSong executed in 0ms for 4 candidates
PERF_AUDIT: selectNextShuffleSong executed in 0ms for 4 candidates
PERF_AUDIT: selectNextShuffleSong executed in 0ms for 4 candidates
PERF_AUDIT: selectNextShuffleSong executed in 1ms for 4 candidates
PERF_AUDIT: selectNextShuffleSong executed in 0ms for 4 candidates
PERF_AUDIT: selectNextShuffleSong executed in 0ms for 4 candidates
PERF_AUDIT: selectNextShuffleSong executed in 0ms for 4 candidates
PERF_AUDIT: selectNextShuffleSong executed in 0ms for 4 candidates
PERF_AUDIT: selectNextShuffleSong executed in 0ms for 4 candidates
PERF_AUDIT: selectNextShuffleSong executed in 0ms for 4 candidates
PERF_AUDIT: selectNextShuffleSong executed in 0ms for 4 candidates
PERF_AUDIT: selectNextShuffleSong executed in 0ms for 4 candidates
PERF_AUDIT: selectNextShuffleSong executed in 0ms for 4 candidates
PERF_AUDIT: selectNextShuffleSong executed in 0ms for 4 candidates
PERF_AUDIT: selectNextShuffleSong executed in 0ms for 4 candidates
PERF_AUDIT: selectNextShuffleSong executed in 0ms for 4 candidates
PERF_AUDIT: selectNextShuffleSong executed in 0ms for 4 candidates
PERF_AUDIT: selectNextShuffleSong executed in 0ms for 4 candidates
PERF_AUDIT: selectNextShuffleSong executed in 0ms for 4 candidates
PERF_AUDIT: selectNextShuffleSong executed in 0ms for 4 candidates
PERF_AUDIT: selectNextShuffleSong executed in 0ms for 4 candidates
PERF_AUDIT: selectNextShuffleSong executed in 0ms for 4 candidates
PERF_AUDIT: selectNextShuffleSong executed in 0ms for 4 candidates
PERF_AUDIT: selectNextShuffleSong executed in 0ms for 4 candidates
PERF_AUDIT: selectNextShuffleSong executed in 0ms for 4 candidates
PERF_AUDIT: selectNextShuffleSong executed in 0ms for 4 candidates
PERF_AUDIT: selectNextShuffleSong executed in 0ms for 4 candidates
PERF_AUDIT: selectNextShuffleSong executed in 0ms for 4 candidates
PERF_AUDIT: selectNextShuffleSong executed in 0ms for 4 candidates
PERF_AUDIT: selectNextShuffleSong executed in 0ms for 4 candidates
PERF_AUDIT: selectNextShuffleSong executed in 0ms for 4 candidates
PERF_AUDIT: selectNextShuffleSong (empty candidates) executed in 0ms
PERF_AUDIT: selectNextShuffleSong executed in 0ms for 5 candidates
PERF_AUDIT: selectNextShuffleSong executed in 0ms for 5 candidates
PERF_AUDIT: selectNextShuffleSong executed in 0ms for 5 candidates
PERF_AUDIT: selectNextShuffleSong executed in 0ms for 5 candidates
PERF_AUDIT: selectNextShuffleSong executed in 0ms for 5 candidates
PERF_AUDIT: selectNextShuffleSong executed in 0ms for 5 candidates
PERF_AUDIT: selectNextShuffleSong executed in 0ms for 5 candidates
PERF_AUDIT: selectNextShuffleSong executed in 0ms for 5 candidates
PERF_AUDIT: selectNextShuffleSong executed in 0ms for 5 candidates
PERF_AUDIT: selectNextShuffleSong executed in 0ms for 5 candidates
PERF_AUDIT: selectNextShuffleSong executed in 0ms for 5 candidates
PERF_AUDIT: selectNextShuffleSong executed in 0ms for 5 candidates
PERF_AUDIT: selectNextShuffleSong executed in 0ms for 5 candidates
PERF_AUDIT: selectNextShuffleSong executed in 0ms for 5 candidates
PERF_AUDIT: selectNextShuffleSong executed in 0ms for 5 candidates
PERF_AUDIT: selectNextShuffleSong executed in 0ms for 5 candidates
PERF_AUDIT: selectNextShuffleSong executed in 0ms for 5 candidates
PERF_AUDIT: selectNextShuffleSong executed in 0ms for 5 candidates
PERF_AUDIT: selectNextShuffleSong executed in 0ms for 5 candidates
PERF_AUDIT: selectNextShuffleSong executed in 0ms for 5 candidates
PERF_AUDIT: selectNextShuffleSong executed in 0ms for 5 candidates
PERF_AUDIT: selectNextShuffleSong executed in 0ms for 5 candidates
PERF_AUDIT: selectNextShuffleSong executed in 0ms for 5 candidates
PERF_AUDIT: selectNextShuffleSong executed in 0ms for 5 candidates
PERF_AUDIT: selectNextShuffleSong executed in 0ms for 5 candidates
PERF_AUDIT: selectNextShuffleSong executed in 0ms for 5 candidates
PERF_AUDIT: selectNextShuffleSong executed in 0ms for 5 candidates
PERF_AUDIT: selectNextShuffleSong executed in 0ms for 5 candidates
PERF_AUDIT: selectNextShuffleSong executed in 0ms for 5 candidates
PERF_AUDIT: selectNextShuffleSong executed in 0ms for 5 candidates
PERF_AUDIT: selectNextShuffleSong executed in 0ms for 5 candidates
PERF_AUDIT: selectNextShuffleSong executed in 0ms for 5 candidates
PERF_AUDIT: selectNextShuffleSong executed in 0ms for 5 candidates
PERF_AUDIT: selectNextShuffleSong executed in 0ms for 5 candidates
PERF_AUDIT: selectNextShuffleSong executed in 0ms for 5 candidates
PERF_AUDIT: selectNextShuffleSong executed in 0ms for 5 candidates
PERF_AUDIT: selectNextShuffleSong executed in 0ms for 5 candidates
PERF_AUDIT: selectNextShuffleSong executed in 0ms for 5 candidates
PERF_AUDIT: selectNextShuffleSong executed in 0ms for 5 candidates
PERF_AUDIT: selectNextShuffleSong executed in 0ms for 5 candidates
PERF_AUDIT: selectNextShuffleSong executed in 0ms for 5 candidates
PERF_AUDIT: selectNextShuffleSong executed in 0ms for 5 candidates
PERF_AUDIT: selectNextShuffleSong executed in 0ms for 5 candidates
PERF_AUDIT: selectNextShuffleSong executed in 0ms for 5 candidates
PERF_AUDIT: selectNextShuffleSong executed in 0ms for 5 candidates
PERF_AUDIT: selectNextShuffleSong executed in 0ms for 5 candidates
PERF_AUDIT: selectNextShuffleSong executed in 0ms for 5 candidates
PERF_AUDIT: selectNextShuffleSong executed in 0ms for 5 candidates
PERF_AUDIT: selectNextShuffleSong executed in 0ms for 5 candidates
PERF_AUDIT: selectNextShuffleSong executed in 0ms for 5 candidates
PERF_AUDIT: selectNextShuffleSong executed in 0ms for 5 candidates
PERF_AUDIT: selectNextShuffleSong executed in 0ms for 5 candidates
PERF_AUDIT: selectNextShuffleSong executed in 0ms for 5 candidates
PERF_AUDIT: selectNextShuffleSong executed in 0ms for 5 candidates
PERF_AUDIT: selectNextShuffleSong executed in 0ms for 5 candidates
PERF_AUDIT: selectNextShuffleSong executed in 0ms for 5 candidates
PERF_AUDIT: selectNextShuffleSong executed in 0ms for 5 candidates
PERF_AUDIT: selectNextShuffleSong executed in 0ms for 5 candidates
PERF_AUDIT: selectNextShuffleSong executed in 0ms for 5 candidates
PERF_AUDIT: selectNextShuffleSong executed in 0ms for 5 candidates
PERF_AUDIT: selectNextShuffleSong executed in 0ms for 5 candidates
PERF_AUDIT: selectNextShuffleSong executed in 1ms for 5 candidates
PERF_AUDIT: selectNextShuffleSong executed in 0ms for 5 candidates
PERF_AUDIT: selectNextShuffleSong executed in 0ms for 5 candidates
PERF_AUDIT: selectNextShuffleSong executed in 0ms for 5 candidates
PERF_AUDIT: selectNextShuffleSong executed in 0ms for 5 candidates
PERF_AUDIT: selectNextShuffleSong executed in 0ms for 5 candidates
PERF_AUDIT: selectNextShuffleSong executed in 0ms for 5 candidates
PERF_AUDIT: selectNextShuffleSong executed in 0ms for 5 candidates
PERF_AUDIT: selectNextShuffleSong executed in 0ms for 5 candidates
PERF_AUDIT: selectNextShuffleSong executed in 0ms for 5 candidates
PERF_AUDIT: selectNextShuffleSong executed in 0ms for 5 candidates
PERF_AUDIT: selectNextShuffleSong executed in 0ms for 5 candidates
PERF_AUDIT: selectNextShuffleSong executed in 0ms for 5 candidates
PERF_AUDIT: selectNextShuffleSong executed in 0ms for 5 candidates
PERF_AUDIT: selectNextShuffleSong executed in 0ms for 5 candidates
PERF_AUDIT: selectNextShuffleSong executed in 0ms for 5 candidates
PERF_AUDIT: selectNextShuffleSong executed in 0ms for 5 candidates
PERF_AUDIT: selectNextShuffleSong executed in 0ms for 5 candidates
PERF_AUDIT: selectNextShuffleSong executed in 0ms for 5 candidates
PERF_AUDIT: selectNextShuffleSong executed in 0ms for 5 candidates
PERF_AUDIT: selectNextShuffleSong executed in 0ms for 5 candidates
PERF_AUDIT: selectNextShuffleSong executed in 0ms for 5 candidates
PERF_AUDIT: selectNextShuffleSong executed in 0ms for 5 candidates
PERF_AUDIT: selectNextShuffleSong executed in 0ms for 5 candidates
PERF_AUDIT: selectNextShuffleSong executed in 0ms for 5 candidates
PERF_AUDIT: selectNextShuffleSong executed in 0ms for 5 candidates
PERF_AUDIT: selectNextShuffleSong executed in 0ms for 5 candidates
PERF_AUDIT: selectNextShuffleSong executed in 0ms for 5 candidates
PERF_AUDIT: selectNextShuffleSong executed in 0ms for 5 candidates
PERF_AUDIT: selectNextShuffleSong executed in 0ms for 5 candidates
PERF_AUDIT: selectNextShuffleSong executed in 0ms for 5 candidates
PERF_AUDIT: selectNextShuffleSong executed in 0ms for 5 candidates
PERF_AUDIT: selectNextShuffleSong executed in 0ms for 5 candidates
PERF_AUDIT: selectNextShuffleSong executed in 0ms for 5 candidates
PERF_AUDIT: selectNextShuffleSong executed in 0ms for 5 candidates
PERF_AUDIT: selectNextShuffleSong executed in 0ms for 5 candidates
PERF_AUDIT: selectNextShuffleSong executed in 0ms for 5 candidates
PERF_AUDIT: selectNextShuffleSong executed in 0ms for 5 candidates
PERF_AUDIT: selectNextShuffleSong executed in 0ms for 5 candidates
PERF_AUDIT: selectNextShuffleSong executed in 0ms for 5 candidates
PERF_AUDIT: selectNextShuffleSong executed in 0ms for 5 candidates
PERF_AUDIT: selectNextShuffleSong executed in 0ms for 5 candidates
PERF_AUDIT: selectNextShuffleSong executed in 0ms for 5 candidates
PERF_AUDIT: selectNextShuffleSong executed in 0ms for 5 candidates
PERF_AUDIT: selectNextShuffleSong executed in 0ms for 5 candidates
PERF_AUDIT: selectNextShuffleSong executed in 0ms for 5 candidates
PERF_AUDIT: selectNextShuffleSong executed in 0ms for 5 candidates
PERF_AUDIT: selectNextShuffleSong executed in 0ms for 5 candidates
PERF_AUDIT: selectNextShuffleSong executed in 0ms for 5 candidates
PERF_AUDIT: selectNextShuffleSong executed in 0ms for 5 candidates
PERF_AUDIT: selectNextShuffleSong executed in 0ms for 5 candidates
PERF_AUDIT: selectNextShuffleSong executed in 0ms for 5 candidates
PERF_AUDIT: selectNextShuffleSong executed in 0ms for 5 candidates
PERF_AUDIT: selectNextShuffleSong executed in 0ms for 5 candidates
PERF_AUDIT: selectNextShuffleSong executed in 0ms for 5 candidates
PERF_AUDIT: selectNextShuffleSong executed in 0ms for 5 candidates
PERF_AUDIT: selectNextShuffleSong executed in 0ms for 5 candidates
PERF_AUDIT: selectNextShuffleSong executed in 0ms for 5 candidates
PERF_AUDIT: selectNextShuffleSong executed in 0ms for 5 candidates
PERF_AUDIT: selectNextShuffleSong executed in 0ms for 5 candidates
PERF_AUDIT: selectNextShuffleSong executed in 0ms for 5 candidates
PERF_AUDIT: selectNextShuffleSong executed in 0ms for 5 candidates
PERF_AUDIT: selectNextShuffleSong executed in 0ms for 5 candidates
PERF_AUDIT: selectNextShuffleSong executed in 0ms for 5 candidates
PERF_AUDIT: selectNextShuffleSong executed in 0ms for 5 candidates
PERF_AUDIT: selectNextShuffleSong executed in 0ms for 5 candidates
PERF_AUDIT: selectNextShuffleSong executed in 0ms for 5 candidates
PERF_AUDIT: selectNextShuffleSong executed in 0ms for 5 candidates
PERF_AUDIT: selectNextShuffleSong executed in 0ms for 5 candidates
PERF_AUDIT: selectNextShuffleSong executed in 0ms for 5 candidates
PERF_AUDIT: selectNextShuffleSong executed in 0ms for 5 candidates
PERF_AUDIT: selectNextShuffleSong executed in 0ms for 5 candidates
PERF_AUDIT: selectNextShuffleSong executed in 0ms for 5 candidates
PERF_AUDIT: selectNextShuffleSong executed in 0ms for 5 candidates
PERF_AUDIT: selectNextShuffleSong executed in 0ms for 5 candidates
PERF_AUDIT: selectNextShuffleSong executed in 0ms for 5 candidates
PERF_AUDIT: selectNextShuffleSong executed in 0ms for 5 candidates
PERF_AUDIT: selectNextShuffleSong executed in 0ms for 5 candidates
PERF_AUDIT: selectNextShuffleSong executed in 0ms for 5 candidates
PERF_AUDIT: selectNextShuffleSong executed in 0ms for 5 candidates
PERF_AUDIT: selectNextShuffleSong executed in 0ms for 5 candidates
PERF_AUDIT: selectNextShuffleSong executed in 0ms for 5 candidates
PERF_AUDIT: selectNextShuffleSong executed in 0ms for 5 candidates
PERF_AUDIT: selectNextShuffleSong executed in 0ms for 5 candidates
PERF_AUDIT: selectNextShuffleSong executed in 0ms for 5 candidates
PERF_AUDIT: selectNextShuffleSong executed in 0ms for 5 candidates
PERF_AUDIT: selectNextShuffleSong executed in 0ms for 5 candidates
PERF_AUDIT: selectNextShuffleSong executed in 0ms for 5 candidates
PERF_AUDIT: selectNextShuffleSong executed in 0ms for 5 candidates
PERF_AUDIT: selectNextShuffleSong executed in 0ms for 5 candidates
PERF_AUDIT: selectNextShuffleSong executed in 0ms for 5 candidates
PERF_AUDIT: selectNextShuffleSong executed in 0ms for 5 candidates
PERF_AUDIT: selectNextShuffleSong executed in 0ms for 5 candidates
PERF_AUDIT: selectNextShuffleSong executed in 0ms for 5 candidates
PERF_AUDIT: selectNextShuffleSong executed in 0ms for 5 candidates
PERF_AUDIT: selectNextShuffleSong executed in 0ms for 5 candidates
PERF_AUDIT: selectNextShuffleSong executed in 0ms for 5 candidates
PERF_AUDIT: selectNextShuffleSong executed in 0ms for 5 candidates
PERF_AUDIT: selectNextShuffleSong executed in 0ms for 5 candidates
PERF_AUDIT: selectNextShuffleSong executed in 0ms for 5 candidates
PERF_AUDIT: selectNextShuffleSong executed in 0ms for 5 candidates
PERF_AUDIT: selectNextShuffleSong executed in 0ms for 5 candidates
PERF_AUDIT: selectNextShuffleSong executed in 0ms for 5 candidates
PERF_AUDIT: selectNextShuffleSong executed in 0ms for 5 candidates
PERF_AUDIT: selectNextShuffleSong executed in 0ms for 5 candidates
PERF_AUDIT: selectNextShuffleSong executed in 0ms for 5 candidates
PERF_AUDIT: selectNextShuffleSong executed in 0ms for 5 candidates
PERF_AUDIT: selectNextShuffleSong executed in 0ms for 5 candidates
PERF_AUDIT: selectNextShuffleSong executed in 0ms for 5 candidates
PERF_AUDIT: selectNextShuffleSong executed in 0ms for 5 candidates
PERF_AUDIT: selectNextShuffleSong executed in 0ms for 5 candidates
PERF_AUDIT: selectNextShuffleSong executed in 0ms for 5 candidates
PERF_AUDIT: selectNextShuffleSong executed in 0ms for 5 candidates
PERF_AUDIT: selectNextShuffleSong executed in 0ms for 5 candidates
PERF_AUDIT: selectNextShuffleSong executed in 0ms for 5 candidates
PERF_AUDIT: selectNextShuffleSong executed in 0ms for 5 candidates
PERF_AUDIT: selectNextShuffleSong executed in 0ms for 5 candidates
PERF_AUDIT: selectNextShuffleSong executed in 0ms for 5 candidates
PERF_AUDIT: selectNextShuffleSong executed in 0ms for 5 candidates
PERF_AUDIT: selectNextShuffleSong executed in 0ms for 5 candidates
PERF_AUDIT: selectNextShuffleSong executed in 0ms for 5 candidates
PERF_AUDIT: selectNextShuffleSong executed in 0ms for 5 candidates
PERF_AUDIT: selectNextShuffleSong executed in 0ms for 5 candidates
PERF_AUDIT: selectNextShuffleSong executed in 0ms for 5 candidates
PERF_AUDIT: selectNextShuffleSong executed in 0ms for 5 candidates
PERF_AUDIT: selectNextShuffleSong executed in 0ms for 5 candidates
PERF_AUDIT: selectNextShuffleSong executed in 0ms for 5 candidates
PERF_AUDIT: selectNextShuffleSong executed in 0ms for 5 candidates
PERF_AUDIT: selectNextShuffleSong executed in 0ms for 5 candidates
PERF_AUDIT: selectNextShuffleSong executed in 0ms for 5 candidates
PERF_AUDIT: selectNextShuffleSong executed in 0ms for 5 candidates
PERF_AUDIT: selectNextShuffleSong executed in 0ms for 5 candidates
PERF_AUDIT: selectNextShuffleSong executed in 0ms for 5 candidates
PERF_AUDIT: selectNextShuffleSong executed in 0ms for 5 candidates
PERF_AUDIT: selectNextShuffleSong executed in 0ms for 5 candidates
PERF_AUDIT: selectNextShuffleSong executed in 0ms for 5 candidates
PERF_AUDIT: selectNextShuffleSong executed in 0ms for 5 candidates
PERF_AUDIT: selectNextShuffleSong executed in 0ms for 5 candidates
PERF_AUDIT: selectNextShuffleSong executed in 0ms for 5 candidates
PERF_AUDIT: selectNextShuffleSong executed in 0ms for 5 candidates
PERF_AUDIT: selectNextShuffleSong executed in 0ms for 5 candidates
PERF_AUDIT: selectNextShuffleSong executed in 0ms for 5 candidates
PERF_AUDIT: selectNextShuffleSong executed in 0ms for 5 candidates
PERF_AUDIT: selectNextShuffleSong executed in 0ms for 5 candidates
PERF_AUDIT: selectNextShuffleSong executed in 0ms for 5 candidates
PERF_AUDIT: selectNextShuffleSong executed in 0ms for 5 candidates
PERF_AUDIT: selectNextShuffleSong executed in 0ms for 5 candidates
PERF_AUDIT: selectNextShuffleSong executed in 0ms for 5 candidates
PERF_AUDIT: selectNextShuffleSong executed in 0ms for 5 candidates
PERF_AUDIT: selectNextShuffleSong executed in 0ms for 5 candidates
PERF_AUDIT: selectNextShuffleSong executed in 0ms for 5 candidates
PERF_AUDIT: selectNextShuffleSong executed in 0ms for 5 candidates
PERF_AUDIT: selectNextShuffleSong executed in 0ms for 5 candidates
PERF_AUDIT: selectNextShuffleSong executed in 0ms for 5 candidates
PERF_AUDIT: selectNextShuffleSong executed in 0ms for 5 candidates
PERF_AUDIT: selectNextShuffleSong executed in 0ms for 5 candidates
PERF_AUDIT: selectNextShuffleSong executed in 0ms for 5 candidates
PERF_AUDIT: selectNextShuffleSong executed in 0ms for 5 candidates
PERF_AUDIT: selectNextShuffleSong executed in 0ms for 5 candidates
PERF_AUDIT: selectNextShuffleSong executed in 0ms for 5 candidates
PERF_AUDIT: selectNextShuffleSong executed in 0ms for 5 candidates
PERF_AUDIT: selectNextShuffleSong executed in 0ms for 5 candidates
PERF_AUDIT: selectNextShuffleSong executed in 0ms for 5 candidates
PERF_AUDIT: selectNextShuffleSong executed in 0ms for 5 candidates
PERF_AUDIT: selectNextShuffleSong executed in 0ms for 5 candidates
PERF_AUDIT: selectNextShuffleSong executed in 0ms for 5 candidates
PERF_AUDIT: selectNextShuffleSong executed in 0ms for 5 candidates
PERF_AUDIT: selectNextShuffleSong executed in 0ms for 5 candidates
PERF_AUDIT: selectNextShuffleSong executed in 0ms for 5 candidates
PERF_AUDIT: selectNextShuffleSong executed in 0ms for 5 candidates
PERF_AUDIT: selectNextShuffleSong executed in 0ms for 5 candidates
PERF_AUDIT: selectNextShuffleSong executed in 0ms for 5 candidates
PERF_AUDIT: selectNextShuffleSong executed in 0ms for 5 candidates
PERF_AUDIT: selectNextShuffleSong executed in 0ms for 5 candidates
PERF_AUDIT: selectNextShuffleSong executed in 0ms for 5 candidates
PERF_AUDIT: selectNextShuffleSong executed in 0ms for 5 candidates
PERF_AUDIT: selectNextShuffleSong executed in 0ms for 5 candidates
PERF_AUDIT: selectNextShuffleSong executed in 0ms for 5 candidates
PERF_AUDIT: selectNextShuffleSong executed in 0ms for 5 candidates
PERF_AUDIT: selectNextShuffleSong executed in 0ms for 5 candidates
PERF_AUDIT: selectNextShuffleSong executed in 0ms for 5 candidates
PERF_AUDIT: selectNextShuffleSong executed in 0ms for 5 candidates
PERF_AUDIT: selectNextShuffleSong executed in 0ms for 5 candidates
PERF_AUDIT: selectNextShuffleSong executed in 0ms for 5 candidates
PERF_AUDIT: selectNextShuffleSong executed in 0ms for 5 candidates
PERF_AUDIT: selectNextShuffleSong executed in 0ms for 5 candidates
PERF_AUDIT: selectNextShuffleSong executed in 0ms for 5 candidates
PERF_AUDIT: selectNextShuffleSong executed in 0ms for 5 candidates
PERF_AUDIT: selectNextShuffleSong executed in 0ms for 5 candidates
PERF_AUDIT: selectNextShuffleSong executed in 0ms for 5 candidates
PERF_AUDIT: selectNextShuffleSong executed in 0ms for 5 candidates
PERF_AUDIT: selectNextShuffleSong executed in 0ms for 5 candidates
PERF_AUDIT: selectNextShuffleSong executed in 0ms for 5 candidates
PERF_AUDIT: selectNextShuffleSong executed in 0ms for 5 candidates
PERF_AUDIT: selectNextShuffleSong executed in 0ms for 5 candidates
PERF_AUDIT: selectNextShuffleSong executed in 0ms for 5 candidates
PERF_AUDIT: selectNextShuffleSong executed in 0ms for 5 candidates
PERF_AUDIT: selectNextShuffleSong executed in 0ms for 5 candidates
PERF_AUDIT: selectNextShuffleSong executed in 0ms for 5 candidates
PERF_AUDIT: selectNextShuffleSong executed in 0ms for 5 candidates
PERF_AUDIT: selectNextShuffleSong executed in 0ms for 5 candidates
PERF_AUDIT: selectNextShuffleSong executed in 0ms for 5 candidates
PERF_AUDIT: selectNextShuffleSong executed in 0ms for 5 candidates
PERF_AUDIT: selectNextShuffleSong executed in 0ms for 5 candidates
PERF_AUDIT: selectNextShuffleSong executed in 0ms for 5 candidates
PERF_AUDIT: selectNextShuffleSong executed in 0ms for 5 candidates
PERF_AUDIT: selectNextShuffleSong executed in 0ms for 5 candidates
PERF_AUDIT: selectNextShuffleSong executed in 0ms for 5 candidates
PERF_AUDIT: selectNextShuffleSong executed in 0ms for 5 candidates
PERF_AUDIT: selectNextShuffleSong executed in 0ms for 5 candidates
PERF_AUDIT: selectNextShuffleSong executed in 0ms for 5 candidates
PERF_AUDIT: selectNextShuffleSong executed in 0ms for 5 candidates
PERF_AUDIT: selectNextShuffleSong executed in 0ms for 5 candidates
PERF_AUDIT: selectNextShuffleSong executed in 0ms for 5 candidates
PERF_AUDIT: selectNextShuffleSong executed in 0ms for 5 candidates
PERF_AUDIT: selectNextShuffleSong executed in 0ms for 5 candidates
PERF_AUDIT: selectNextShuffleSong executed in 0ms for 5 candidates
PERF_AUDIT: selectNextShuffleSong executed in 0ms for 5 candidates
PERF_AUDIT: selectNextShuffleSong executed in 0ms for 5 candidates
PERF_AUDIT: selectNextShuffleSong executed in 0ms for 5 candidates
PERF_AUDIT: selectNextShuffleSong executed in 0ms for 5 candidates
PERF_AUDIT: selectNextShuffleSong executed in 0ms for 5 candidates
PERF_AUDIT: selectNextShuffleSong executed in 0ms for 5 candidates
PERF_AUDIT: selectNextShuffleSong executed in 0ms for 5 candidates
PERF_AUDIT: selectNextShuffleSong executed in 0ms for 5 candidates
PERF_AUDIT: selectNextShuffleSong executed in 0ms for 5 candidates
PERF_AUDIT: selectNextShuffleSong executed in 0ms for 5 candidates
PERF_AUDIT: selectNextShuffleSong executed in 0ms for 5 candidates
PERF_AUDIT: selectNextShuffleSong executed in 0ms for 5 candidates
PERF_AUDIT: selectNextShuffleSong executed in 0ms for 5 candidates
PERF_AUDIT: selectNextShuffleSong executed in 0ms for 5 candidates
PERF_AUDIT: selectNextShuffleSong executed in 0ms for 5 candidates
PERF_AUDIT: selectNextShuffleSong executed in 0ms for 5 candidates
PERF_AUDIT: selectNextShuffleSong executed in 0ms for 5 candidates
PERF_AUDIT: selectNextShuffleSong executed in 0ms for 5 candidates
PERF_AUDIT: selectNextShuffleSong executed in 0ms for 5 candidates
PERF_AUDIT: selectNextShuffleSong executed in 0ms for 5 candidates
PERF_AUDIT: selectNextShuffleSong executed in 0ms for 5 candidates
PERF_AUDIT: selectNextShuffleSong executed in 0ms for 5 candidates
PERF_AUDIT: selectNextShuffleSong executed in 0ms for 5 candidates
PERF_AUDIT: selectNextShuffleSong executed in 0ms for 5 candidates
PERF_AUDIT: selectNextShuffleSong executed in 0ms for 5 candidates
PERF_AUDIT: selectNextShuffleSong executed in 0ms for 5 candidates
PERF_AUDIT: selectNextShuffleSong executed in 0ms for 5 candidates
PERF_AUDIT: selectNextShuffleSong executed in 0ms for 5 candidates
PERF_AUDIT: selectNextShuffleSong executed in 0ms for 5 candidates
PERF_AUDIT: selectNextShuffleSong executed in 0ms for 5 candidates
PERF_AUDIT: selectNextShuffleSong executed in 0ms for 5 candidates
PERF_AUDIT: selectNextShuffleSong executed in 0ms for 5 candidates
PERF_AUDIT: selectNextShuffleSong executed in 0ms for 5 candidates
PERF_AUDIT: selectNextShuffleSong executed in 0ms for 5 candidates
PERF_AUDIT: selectNextShuffleSong executed in 0ms for 5 candidates
PERF_AUDIT: selectNextShuffleSong executed in 0ms for 5 candidates
PERF_AUDIT: selectNextShuffleSong executed in 0ms for 5 candidates
PERF_AUDIT: selectNextShuffleSong executed in 0ms for 5 candidates
PERF_AUDIT: selectNextShuffleSong executed in 0ms for 5 candidates
PERF_AUDIT: selectNextShuffleSong executed in 0ms for 5 candidates
PERF_AUDIT: selectNextShuffleSong executed in 0ms for 5 candidates
PERF_AUDIT: selectNextShuffleSong executed in 0ms for 5 candidates
PERF_AUDIT: selectNextShuffleSong executed in 0ms for 5 candidates
PERF_AUDIT: selectNextShuffleSong executed in 0ms for 5 candidates
PERF_AUDIT: selectNextShuffleSong executed in 0ms for 5 candidates
PERF_AUDIT: selectNextShuffleSong executed in 0ms for 5 candidates
PERF_AUDIT: selectNextShuffleSong executed in 0ms for 5 candidates
PERF_AUDIT: selectNextShuffleSong executed in 0ms for 5 candidates
PERF_AUDIT: selectNextShuffleSong executed in 0ms for 5 candidates
PERF_AUDIT: selectNextShuffleSong executed in 0ms for 5 candidates
PERF_AUDIT: selectNextShuffleSong executed in 0ms for 5 candidates
PERF_AUDIT: selectNextShuffleSong executed in 0ms for 5 candidates
PERF_AUDIT: selectNextShuffleSong executed in 0ms for 5 candidates
PERF_AUDIT: selectNextShuffleSong executed in 0ms for 5 candidates
PERF_AUDIT: selectNextShuffleSong executed in 0ms for 5 candidates
PERF_AUDIT: selectNextShuffleSong executed in 0ms for 5 candidates
PERF_AUDIT: selectNextShuffleSong executed in 0ms for 5 candidates
PERF_AUDIT: selectNextShuffleSong executed in 0ms for 5 candidates
PERF_AUDIT: selectNextShuffleSong executed in 0ms for 5 candidates
PERF_AUDIT: selectNextShuffleSong executed in 0ms for 5 candidates
PERF_AUDIT: selectNextShuffleSong executed in 0ms for 5 candidates
PERF_AUDIT: selectNextShuffleSong executed in 0ms for 5 candidates
PERF_AUDIT: selectNextShuffleSong executed in 0ms for 5 candidates
PERF_AUDIT: selectNextShuffleSong executed in 0ms for 5 candidates
PERF_AUDIT: selectNextShuffleSong executed in 0ms for 5 candidates
PERF_AUDIT: selectNextShuffleSong executed in 0ms for 5 candidates
PERF_AUDIT: selectNextShuffleSong executed in 0ms for 5 candidates
PERF_AUDIT: selectNextShuffleSong executed in 0ms for 5 candidates
PERF_AUDIT: selectNextShuffleSong executed in 0ms for 5 candidates
PERF_AUDIT: selectNextShuffleSong executed in 0ms for 5 candidates
PERF_AUDIT: selectNextShuffleSong executed in 0ms for 5 candidates
PERF_AUDIT: selectNextShuffleSong executed in 0ms for 5 candidates
PERF_AUDIT: selectNextShuffleSong executed in 0ms for 5 candidates
PERF_AUDIT: selectNextShuffleSong executed in 0ms for 5 candidates
PERF_AUDIT: selectNextShuffleSong executed in 0ms for 5 candidates
PERF_AUDIT: selectNextShuffleSong executed in 0ms for 5 candidates
PERF_AUDIT: selectNextShuffleSong executed in 0ms for 5 candidates
PERF_AUDIT: selectNextShuffleSong executed in 0ms for 5 candidates
PERF_AUDIT: selectNextShuffleSong executed in 0ms for 5 candidates
PERF_AUDIT: selectNextShuffleSong executed in 0ms for 5 candidates
PERF_AUDIT: selectNextShuffleSong executed in 0ms for 5 candidates
PERF_AUDIT: selectNextShuffleSong executed in 0ms for 5 candidates
PERF_AUDIT: selectNextShuffleSong executed in 0ms for 5 candidates
PERF_AUDIT: selectNextShuffleSong executed in 1ms for 5 candidates
PERF_AUDIT: selectNextShuffleSong executed in 0ms for 5 candidates
PERF_AUDIT: selectNextShuffleSong executed in 0ms for 5 candidates
PERF_AUDIT: selectNextShuffleSong executed in 0ms for 5 candidates
PERF_AUDIT: selectNextShuffleSong executed in 0ms for 5 candidates
PERF_AUDIT: selectNextShuffleSong executed in 0ms for 5 candidates
PERF_AUDIT: selectNextShuffleSong executed in 0ms for 5 candidates
PERF_AUDIT: selectNextShuffleSong executed in 0ms for 5 candidates
PERF_AUDIT: selectNextShuffleSong executed in 0ms for 5 candidates
PERF_AUDIT: selectNextShuffleSong executed in 0ms for 5 candidates
PERF_AUDIT: selectNextShuffleSong executed in 0ms for 5 candidates
PERF_AUDIT: selectNextShuffleSong executed in 0ms for 5 candidates
PERF_AUDIT: selectNextShuffleSong executed in 0ms for 5 candidates
PERF_AUDIT: selectNextShuffleSong executed in 0ms for 5 candidates
PERF_AUDIT: selectNextShuffleSong executed in 0ms for 5 candidates
PERF_AUDIT: selectNextShuffleSong executed in 0ms for 5 candidates
PERF_AUDIT: selectNextShuffleSong executed in 0ms for 5 candidates
PERF_AUDIT: selectNextShuffleSong executed in 0ms for 5 candidates
PERF_AUDIT: selectNextShuffleSong executed in 0ms for 5 candidates
PERF_AUDIT: selectNextShuffleSong executed in 0ms for 5 candidates
PERF_AUDIT: selectNextShuffleSong executed in 0ms for 5 candidates
PERF_AUDIT: selectNextShuffleSong executed in 0ms for 5 candidates
PERF_AUDIT: selectNextShuffleSong executed in 0ms for 5 candidates
PERF_AUDIT: selectNextShuffleSong executed in 0ms for 5 candidates
PERF_AUDIT: selectNextShuffleSong executed in 0ms for 5 candidates
PERF_AUDIT: selectNextShuffleSong executed in 0ms for 5 candidates
PERF_AUDIT: selectNextShuffleSong executed in 0ms for 5 candidates
PERF_AUDIT: selectNextShuffleSong executed in 0ms for 5 candidates
PERF_AUDIT: selectNextShuffleSong executed in 0ms for 5 candidates
PERF_AUDIT: selectNextShuffleSong executed in 0ms for 5 candidates
PERF_AUDIT: selectNextShuffleSong executed in 0ms for 5 candidates
PERF_AUDIT: selectNextShuffleSong executed in 0ms for 5 candidates
PERF_AUDIT: selectNextShuffleSong executed in 0ms for 5 candidates
PERF_AUDIT: selectNextShuffleSong executed in 0ms for 5 candidates
PERF_AUDIT: selectNextShuffleSong executed in 0ms for 5 candidates
PERF_AUDIT: selectNextShuffleSong executed in 0ms for 5 candidates
PERF_AUDIT: selectNextShuffleSong executed in 0ms for 5 candidates
PERF_AUDIT: selectNextShuffleSong executed in 0ms for 5 candidates
PERF_AUDIT: selectNextShuffleSong executed in 0ms for 5 candidates
PERF_AUDIT: selectNextShuffleSong executed in 0ms for 5 candidates
PERF_AUDIT: selectNextShuffleSong executed in 0ms for 5 candidates
PERF_AUDIT: selectNextShuffleSong executed in 0ms for 5 candidates
PERF_AUDIT: selectNextShuffleSong executed in 0ms for 5 candidates
PERF_AUDIT: selectNextShuffleSong executed in 0ms for 5 candidates
PERF_AUDIT: selectNextShuffleSong executed in 0ms for 5 candidates
PERF_AUDIT: selectNextShuffleSong executed in 0ms for 5 candidates
PERF_AUDIT: selectNextShuffleSong executed in 0ms for 5 candidates
PERF_AUDIT: selectNextShuffleSong executed in 0ms for 5 candidates
PERF_AUDIT: selectNextShuffleSong executed in 0ms for 5 candidates
PERF_AUDIT: selectNextShuffleSong executed in 0ms for 5 candidates
PERF_AUDIT: selectNextShuffleSong executed in 0ms for 5 candidates
PERF_AUDIT: selectNextShuffleSong executed in 0ms for 5 candidates
PERF_AUDIT: selectNextShuffleSong executed in 0ms for 5 candidates
PERF_AUDIT: selectNextShuffleSong executed in 0ms for 5 candidates
PERF_AUDIT: selectNextShuffleSong executed in 0ms for 5 candidates
PERF_AUDIT: selectNextShuffleSong executed in 0ms for 5 candidates
PERF_AUDIT: selectNextShuffleSong executed in 0ms for 5 candidates
PERF_AUDIT: selectNextShuffleSong executed in 0ms for 5 candidates
PERF_AUDIT: selectNextShuffleSong executed in 0ms for 5 candidates
PERF_AUDIT: selectNextShuffleSong executed in 0ms for 5 candidates
PERF_AUDIT: selectNextShuffleSong executed in 0ms for 5 candidates
PERF_AUDIT: selectNextShuffleSong executed in 0ms for 5 candidates
PERF_AUDIT: selectNextShuffleSong executed in 0ms for 5 candidates
PERF_AUDIT: selectNextShuffleSong executed in 0ms for 5 candidates
PERF_AUDIT: selectNextShuffleSong executed in 0ms for 5 candidates
PERF_AUDIT: selectNextShuffleSong executed in 0ms for 5 candidates
PERF_AUDIT: selectNextShuffleSong executed in 0ms for 5 candidates
PERF_AUDIT: selectNextShuffleSong executed in 0ms for 5 candidates
PERF_AUDIT: selectNextShuffleSong executed in 0ms for 5 candidates
PERF_AUDIT: selectNextShuffleSong executed in 0ms for 5 candidates
PERF_AUDIT: selectNextShuffleSong executed in 0ms for 5 candidates
PERF_AUDIT: selectNextShuffleSong executed in 0ms for 5 candidates
PERF_AUDIT: selectNextShuffleSong executed in 0ms for 5 candidates
PERF_AUDIT: selectNextShuffleSong executed in 0ms for 5 candidates
PERF_AUDIT: selectNextShuffleSong executed in 0ms for 5 candidates
PERF_AUDIT: selectNextShuffleSong executed in 0ms for 5 candidates
PERF_AUDIT: selectNextShuffleSong executed in 0ms for 5 candidates
PERF_AUDIT: selectNextShuffleSong executed in 0ms for 5 candidates
PERF_AUDIT: selectNextShuffleSong executed in 0ms for 5 candidates
PERF_AUDIT: selectNextShuffleSong executed in 0ms for 5 candidates
PERF_AUDIT: selectNextShuffleSong executed in 0ms for 5 candidates
PERF_AUDIT: selectNextShuffleSong executed in 0ms for 5 candidates
PERF_AUDIT: selectNextShuffleSong executed in 0ms for 5 candidates
PERF_AUDIT: selectNextShuffleSong executed in 0ms for 5 candidates
PERF_AUDIT: selectNextShuffleSong executed in 0ms for 5 candidates
PERF_AUDIT: selectNextShuffleSong executed in 0ms for 5 candidates
PERF_AUDIT: selectNextShuffleSong executed in 0ms for 5 candidates
PERF_AUDIT: selectNextShuffleSong executed in 0ms for 5 candidates
PERF_AUDIT: selectNextShuffleSong executed in 0ms for 5 candidates
PERF_AUDIT: selectNextShuffleSong executed in 0ms for 5 candidates
PERF_AUDIT: selectNextShuffleSong executed in 0ms for 5 candidates
PERF_AUDIT: selectNextShuffleSong executed in 0ms for 5 candidates
PERF_AUDIT: selectNextShuffleSong executed in 0ms for 5 candidates
PERF_AUDIT: selectNextShuffleSong executed in 0ms for 5 candidates
PERF_AUDIT: selectNextShuffleSong executed in 0ms for 5 candidates
PERF_AUDIT: selectNextShuffleSong executed in 0ms for 5 candidates
PERF_AUDIT: selectNextShuffleSong executed in 0ms for 5 candidates
PERF_AUDIT: selectNextShuffleSong executed in 0ms for 5 candidates
PERF_AUDIT: selectNextShuffleSong executed in 0ms for 5 candidates
PERF_AUDIT: selectNextShuffleSong executed in 0ms for 5 candidates
PERF_AUDIT: selectNextShuffleSong executed in 0ms for 5 candidates
PERF_AUDIT: selectNextShuffleSong executed in 0ms for 5 candidates
PERF_AUDIT: selectNextShuffleSong executed in 0ms for 5 candidates
PERF_AUDIT: selectNextShuffleSong executed in 0ms for 5 candidates
PERF_AUDIT: selectNextShuffleSong executed in 0ms for 5 candidates
PERF_AUDIT: selectNextShuffleSong executed in 0ms for 5 candidates
PERF_AUDIT: selectNextShuffleSong executed in 0ms for 5 candidates
PERF_AUDIT: selectNextShuffleSong executed in 0ms for 5 candidates
PERF_AUDIT: selectNextShuffleSong executed in 0ms for 5 candidates
PERF_AUDIT: selectNextShuffleSong executed in 0ms for 5 candidates
PERF_AUDIT: selectNextShuffleSong executed in 0ms for 5 candidates
PERF_AUDIT: selectNextShuffleSong executed in 0ms for 5 candidates
PERF_AUDIT: selectNextShuffleSong executed in 0ms for 5 candidates
PERF_AUDIT: selectNextShuffleSong executed in 0ms for 5 candidates
PERF_AUDIT: selectNextShuffleSong executed in 0ms for 5 candidates
PERF_AUDIT: selectNextShuffleSong executed in 0ms for 5 candidates
PERF_AUDIT: selectNextShuffleSong executed in 0ms for 5 candidates
PERF_AUDIT: selectNextShuffleSong executed in 0ms for 5 candidates
PERF_AUDIT: selectNextShuffleSong executed in 0ms for 5 candidates
PERF_AUDIT: selectNextShuffleSong executed in 0ms for 5 candidates
PERF_AUDIT: selectNextShuffleSong executed in 0ms for 5 candidates
PERF_AUDIT: selectNextShuffleSong executed in 0ms for 5 candidates
PERF_AUDIT: selectNextShuffleSong executed in 0ms for 5 candidates
PERF_AUDIT: selectNextShuffleSong executed in 0ms for 5 candidates
PERF_AUDIT: selectNextShuffleSong executed in 0ms for 5 candidates
PERF_AUDIT: selectNextShuffleSong executed in 0ms for 5 candidates
PERF_AUDIT: selectNextShuffleSong executed in 0ms for 5 candidates
PERF_AUDIT: selectNextShuffleSong executed in 0ms for 5 candidates
PERF_AUDIT: selectNextShuffleSong executed in 0ms for 5 candidates
PERF_AUDIT: selectNextShuffleSong executed in 0ms for 5 candidates
PERF_AUDIT: selectNextShuffleSong executed in 0ms for 5 candidates
PERF_AUDIT: selectNextShuffleSong executed in 0ms for 5 candidates
PERF_AUDIT: selectNextShuffleSong executed in 0ms for 5 candidates
PERF_AUDIT: selectNextShuffleSong executed in 0ms for 5 candidates
PERF_AUDIT: selectNextShuffleSong executed in 0ms for 5 candidates
PERF_AUDIT: selectNextShuffleSong executed in 0ms for 5 candidates
PERF_AUDIT: selectNextShuffleSong executed in 0ms for 5 candidates
PERF_AUDIT: selectNextShuffleSong executed in 0ms for 5 candidates
PERF_AUDIT: selectNextShuffleSong executed in 0ms for 5 candidates
PERF_AUDIT: selectNextShuffleSong executed in 0ms for 5 candidates
PERF_AUDIT: selectNextShuffleSong executed in 0ms for 5 candidates
PERF_AUDIT: selectNextShuffleSong executed in 0ms for 5 candidates
PERF_AUDIT: selectNextShuffleSong executed in 0ms for 5 candidates
PERF_AUDIT: selectNextShuffleSong executed in 0ms for 5 candidates
PERF_AUDIT: selectNextShuffleSong executed in 0ms for 5 candidates
PERF_AUDIT: selectNextShuffleSong executed in 0ms for 5 candidates
PERF_AUDIT: selectNextShuffleSong executed in 0ms for 5 candidates
PERF_AUDIT: selectNextShuffleSong executed in 0ms for 5 candidates
PERF_AUDIT: selectNextShuffleSong executed in 0ms for 5 candidates
PERF_AUDIT: selectNextShuffleSong executed in 0ms for 5 candidates
PERF_AUDIT: selectNextShuffleSong executed in 0ms for 5 candidates
PERF_AUDIT: selectNextShuffleSong executed in 0ms for 5 candidates
PERF_AUDIT: selectNextShuffleSong executed in 0ms for 5 candidates
PERF_AUDIT: selectNextShuffleSong executed in 0ms for 5 candidates
PERF_AUDIT: selectNextShuffleSong executed in 0ms for 5 candidates
PERF_AUDIT: selectNextShuffleSong executed in 0ms for 5 candidates
PERF_AUDIT: selectNextShuffleSong executed in 0ms for 5 candidates
PERF_AUDIT: selectNextShuffleSong executed in 0ms for 5 candidates
PERF_AUDIT: selectNextShuffleSong executed in 0ms for 5 candidates
PERF_AUDIT: selectNextShuffleSong executed in 0ms for 5 candidates
PERF_AUDIT: selectNextShuffleSong executed in 0ms for 5 candidates
PERF_AUDIT: selectNextShuffleSong executed in 0ms for 5 candidates
PERF_AUDIT: selectNextShuffleSong executed in 0ms for 5 candidates
PERF_AUDIT: selectNextShuffleSong executed in 0ms for 5 candidates
PERF_AUDIT: selectNextShuffleSong executed in 0ms for 5 candidates
PERF_AUDIT: selectNextShuffleSong executed in 0ms for 5 candidates
PERF_AUDIT: selectNextShuffleSong executed in 0ms for 5 candidates
PERF_AUDIT: selectNextShuffleSong executed in 0ms for 5 candidates
PERF_AUDIT: selectNextShuffleSong executed in 0ms for 5 candidates
PERF_AUDIT: selectNextShuffleSong executed in 0ms for 5 candidates
PERF_AUDIT: selectNextShuffleSong executed in 0ms for 5 candidates
PERF_AUDIT: selectNextShuffleSong executed in 0ms for 5 candidates
PERF_AUDIT: selectNextShuffleSong executed in 0ms for 5 candidates
PERF_AUDIT: selectNextShuffleSong executed in 0ms for 5 candidates
PERF_AUDIT: selectNextShuffleSong executed in 0ms for 5 candidates
PERF_AUDIT: selectNextShuffleSong executed in 0ms for 5 candidates
PERF_AUDIT: selectNextShuffleSong executed in 0ms for 5 candidates
PERF_AUDIT: selectNextShuffleSong executed in 0ms for 5 candidates
PERF_AUDIT: selectNextShuffleSong executed in 0ms for 5 candidates
PERF_AUDIT: selectNextShuffleSong executed in 0ms for 5 candidates
PERF_AUDIT: selectNextShuffleSong executed in 0ms for 5 candidates
PERF_AUDIT: selectNextShuffleSong executed in 0ms for 5 candidates
PERF_AUDIT: selectNextShuffleSong executed in 0ms for 5 candidates
PERF_AUDIT: selectNextShuffleSong executed in 0ms for 5 candidates
PERF_AUDIT: selectNextShuffleSong executed in 0ms for 5 candidates
PERF_AUDIT: selectNextShuffleSong executed in 0ms for 5 candidates
PERF_AUDIT: selectNextShuffleSong executed in 0ms for 5 candidates
PERF_AUDIT: selectNextShuffleSong executed in 0ms for 5 candidates
PERF_AUDIT: selectNextShuffleSong executed in 0ms for 5 candidates
PERF_AUDIT: selectNextShuffleSong executed in 0ms for 5 candidates
PERF_AUDIT: selectNextShuffleSong executed in 0ms for 5 candidates
PERF_AUDIT: selectNextShuffleSong executed in 0ms for 5 candidates
PERF_AUDIT: selectNextShuffleSong executed in 0ms for 5 candidates
PERF_AUDIT: selectNextShuffleSong executed in 0ms for 5 candidates
PERF_AUDIT: selectNextShuffleSong executed in 0ms for 5 candidates
PERF_AUDIT: selectNextShuffleSong executed in 0ms for 5 candidates
PERF_AUDIT: selectNextShuffleSong executed in 0ms for 5 candidates
PERF_AUDIT: selectNextShuffleSong executed in 0ms for 5 candidates
PERF_AUDIT: selectNextShuffleSong executed in 0ms for 5 candidates
PERF_AUDIT: selectNextShuffleSong executed in 0ms for 5 candidates
PERF_AUDIT: selectNextShuffleSong executed in 0ms for 5 candidates
PERF_AUDIT: selectNextShuffleSong executed in 0ms for 5 candidates
PERF_AUDIT: selectNextShuffleSong executed in 0ms for 5 candidates
PERF_AUDIT: selectNextShuffleSong executed in 0ms for 5 candidates
PERF_AUDIT: selectNextShuffleSong executed in 0ms for 5 candidates
PERF_AUDIT: selectNextShuffleSong executed in 0ms for 5 candidates
PERF_AUDIT: selectNextShuffleSong executed in 0ms for 5 candidates
PERF_AUDIT: selectNextShuffleSong executed in 0ms for 5 candidates
PERF_AUDIT: selectNextShuffleSong executed in 0ms for 5 candidates
PERF_AUDIT: selectNextShuffleSong executed in 0ms for 5 candidates
PERF_AUDIT: selectNextShuffleSong executed in 0ms for 5 candidates
PERF_AUDIT: selectNextShuffleSong executed in 0ms for 5 candidates
PERF_AUDIT: selectNextShuffleSong executed in 0ms for 5 candidates
PERF_AUDIT: selectNextShuffleSong executed in 0ms for 5 candidates
PERF_AUDIT: selectNextShuffleSong executed in 0ms for 5 candidates
PERF_AUDIT: selectNextShuffleSong executed in 0ms for 5 candidates
PERF_AUDIT: selectNextShuffleSong executed in 0ms for 5 candidates
PERF_AUDIT: selectNextShuffleSong executed in 0ms for 5 candidates
PERF_AUDIT: selectNextShuffleSong executed in 0ms for 5 candidates
PERF_AUDIT: selectNextShuffleSong executed in 0ms for 5 candidates
PERF_AUDIT: selectNextShuffleSong executed in 0ms for 5 candidates
PERF_AUDIT: selectNextShuffleSong executed in 0ms for 5 candidates
PERF_AUDIT: selectNextShuffleSong executed in 0ms for 5 candidates
PERF_AUDIT: selectNextShuffleSong executed in 0ms for 5 candidates
PERF_AUDIT: selectNextShuffleSong executed in 0ms for 5 candidates
PERF_AUDIT: selectNextShuffleSong executed in 0ms for 5 candidates
PERF_AUDIT: selectNextShuffleSong executed in 0ms for 5 candidates
PERF_AUDIT: selectNextShuffleSong executed in 0ms for 5 candidates
PERF_AUDIT: selectNextShuffleSong executed in 0ms for 5 candidates
PERF_AUDIT: selectNextShuffleSong executed in 0ms for 5 candidates
PERF_AUDIT: selectNextShuffleSong executed in 0ms for 5 candidates
PERF_AUDIT: selectNextShuffleSong executed in 0ms for 5 candidates
PERF_AUDIT: selectNextShuffleSong executed in 0ms for 5 candidates
PERF_AUDIT: selectNextShuffleSong executed in 0ms for 5 candidates
PERF_AUDIT: selectNextShuffleSong executed in 0ms for 5 candidates
PERF_AUDIT: selectNextShuffleSong executed in 0ms for 5 candidates
PERF_AUDIT: selectNextShuffleSong executed in 0ms for 5 candidates
PERF_AUDIT: selectNextShuffleSong executed in 0ms for 5 candidates
PERF_AUDIT: selectNextShuffleSong executed in 0ms for 5 candidates
PERF_AUDIT: selectNextShuffleSong executed in 0ms for 5 candidates
PERF_AUDIT: selectNextShuffleSong executed in 0ms for 5 candidates
PERF_AUDIT: selectNextShuffleSong executed in 0ms for 5 candidates
PERF_AUDIT: selectNextShuffleSong executed in 0ms for 5 candidates
PERF_AUDIT: selectNextShuffleSong executed in 0ms for 5 candidates
PERF_AUDIT: selectNextShuffleSong executed in 0ms for 5 candidates
PERF_AUDIT: selectNextShuffleSong executed in 0ms for 5 candidates
PERF_AUDIT: selectNextShuffleSong executed in 0ms for 5 candidates
PERF_AUDIT: selectNextShuffleSong executed in 0ms for 5 candidates
PERF_AUDIT: selectNextShuffleSong executed in 0ms for 5 candidates
PERF_AUDIT: selectNextShuffleSong executed in 0ms for 5 candidates
PERF_AUDIT: selectNextShuffleSong executed in 0ms for 5 candidates
PERF_AUDIT: selectNextShuffleSong executed in 0ms for 5 candidates
PERF_AUDIT: selectNextShuffleSong executed in 0ms for 5 candidates
PERF_AUDIT: selectNextShuffleSong executed in 0ms for 5 candidates
PERF_AUDIT: selectNextShuffleSong executed in 0ms for 5 candidates
PERF_AUDIT: selectNextShuffleSong executed in 0ms for 5 candidates
PERF_AUDIT: selectNextShuffleSong executed in 0ms for 5 candidates
PERF_AUDIT: selectNextShuffleSong executed in 0ms for 5 candidates
PERF_AUDIT: selectNextShuffleSong executed in 0ms for 5 candidates
PERF_AUDIT: selectNextShuffleSong executed in 0ms for 5 candidates
PERF_AUDIT: selectNextShuffleSong executed in 0ms for 5 candidates
PERF_AUDIT: selectNextShuffleSong executed in 0ms for 5 candidates
PERF_AUDIT: selectNextShuffleSong executed in 0ms for 5 candidates
PERF_AUDIT: selectNextShuffleSong executed in 0ms for 5 candidates
PERF_AUDIT: selectNextShuffleSong executed in 0ms for 5 candidates
PERF_AUDIT: selectNextShuffleSong executed in 0ms for 5 candidates
PERF_AUDIT: selectNextShuffleSong executed in 0ms for 5 candidates
PERF_AUDIT: selectNextShuffleSong executed in 0ms for 5 candidates
PERF_AUDIT: selectNextShuffleSong executed in 0ms for 5 candidates
PERF_AUDIT: selectNextShuffleSong executed in 0ms for 5 candidates
PERF_AUDIT: selectNextShuffleSong executed in 0ms for 5 candidates
PERF_AUDIT: selectNextShuffleSong executed in 0ms for 5 candidates
PERF_AUDIT: selectNextShuffleSong executed in 0ms for 5 candidates
PERF_AUDIT: selectNextShuffleSong executed in 0ms for 5 candidates
PERF_AUDIT: selectNextShuffleSong executed in 0ms for 5 candidates
PERF_AUDIT: selectNextShuffleSong executed in 0ms for 5 candidates
PERF_AUDIT: selectNextShuffleSong executed in 0ms for 5 candidates
PERF_AUDIT: selectNextShuffleSong executed in 0ms for 5 candidates
PERF_AUDIT: selectNextShuffleSong executed in 0ms for 5 candidates
PERF_AUDIT: selectNextShuffleSong executed in 0ms for 5 candidates
PERF_AUDIT: selectNextShuffleSong executed in 0ms for 5 candidates
PERF_AUDIT: selectNextShuffleSong executed in 0ms for 5 candidates
PERF_AUDIT: selectNextShuffleSong executed in 0ms for 5 candidates
PERF_AUDIT: selectNextShuffleSong executed in 0ms for 5 candidates
PERF_AUDIT: selectNextShuffleSong executed in 0ms for 5 candidates
PERF_AUDIT: selectNextShuffleSong executed in 0ms for 5 candidates
PERF_AUDIT: selectNextShuffleSong executed in 0ms for 5 candidates
PERF_AUDIT: selectNextShuffleSong executed in 0ms for 5 candidates
PERF_AUDIT: selectNextShuffleSong executed in 0ms for 5 candidates
PERF_AUDIT: selectNextShuffleSong executed in 0ms for 5 candidates
PERF_AUDIT: selectNextShuffleSong executed in 0ms for 5 candidates
PERF_AUDIT: selectNextShuffleSong executed in 0ms for 5 candidates
PERF_AUDIT: selectNextShuffleSong executed in 0ms for 5 candidates
PERF_AUDIT: selectNextShuffleSong executed in 0ms for 5 candidates
PERF_AUDIT: selectNextShuffleSong executed in 0ms for 5 candidates
PERF_AUDIT: selectNextShuffleSong executed in 0ms for 5 candidates
PERF_AUDIT: selectNextShuffleSong executed in 0ms for 5 candidates
PERF_AUDIT: selectNextShuffleSong executed in 0ms for 5 candidates
PERF_AUDIT: selectNextShuffleSong executed in 0ms for 5 candidates
PERF_AUDIT: selectNextShuffleSong executed in 0ms for 5 candidates
PERF_AUDIT: selectNextShuffleSong executed in 0ms for 5 candidates
PERF_AUDIT: selectNextShuffleSong executed in 0ms for 5 candidates
PERF_AUDIT: selectNextShuffleSong executed in 0ms for 5 candidates
PERF_AUDIT: selectNextShuffleSong executed in 0ms for 5 candidates
PERF_AUDIT: selectNextShuffleSong executed in 0ms for 5 candidates
PERF_AUDIT: selectNextShuffleSong executed in 0ms for 5 candidates
PERF_AUDIT: selectNextShuffleSong executed in 0ms for 5 candidates
PERF_AUDIT: selectNextShuffleSong executed in 0ms for 5 candidates
PERF_AUDIT: selectNextShuffleSong executed in 0ms for 5 candidates
PERF_AUDIT: selectNextShuffleSong executed in 0ms for 5 candidates
PERF_AUDIT: selectNextShuffleSong executed in 0ms for 5 candidates
PERF_AUDIT: selectNextShuffleSong executed in 0ms for 5 candidates
PERF_AUDIT: selectNextShuffleSong executed in 0ms for 5 candidates
PERF_AUDIT: selectNextShuffleSong executed in 0ms for 5 candidates
PERF_AUDIT: selectNextShuffleSong executed in 0ms for 5 candidates
PERF_AUDIT: selectNextShuffleSong executed in 0ms for 5 candidates
PERF_AUDIT: selectNextShuffleSong executed in 0ms for 5 candidates
PERF_AUDIT: selectNextShuffleSong executed in 0ms for 5 candidates
PERF_AUDIT: selectNextShuffleSong executed in 0ms for 5 candidates
PERF_AUDIT: selectNextShuffleSong executed in 0ms for 5 candidates
PERF_AUDIT: selectNextShuffleSong executed in 0ms for 5 candidates
PERF_AUDIT: selectNextShuffleSong executed in 0ms for 5 candidates
PERF_AUDIT: selectNextShuffleSong executed in 0ms for 5 candidates
PERF_AUDIT: selectNextShuffleSong executed in 0ms for 5 candidates
PERF_AUDIT: selectNextShuffleSong executed in 0ms for 5 candidates
PERF_AUDIT: selectNextShuffleSong executed in 0ms for 5 candidates
PERF_AUDIT: selectNextShuffleSong executed in 0ms for 5 candidates
PERF_AUDIT: selectNextShuffleSong executed in 0ms for 5 candidates
PERF_AUDIT: selectNextShuffleSong executed in 0ms for 5 candidates
PERF_AUDIT: selectNextShuffleSong executed in 0ms for 5 candidates
PERF_AUDIT: selectNextShuffleSong executed in 0ms for 5 candidates
PERF_AUDIT: selectNextShuffleSong executed in 0ms for 5 candidates
PERF_AUDIT: selectNextShuffleSong executed in 0ms for 5 candidates
PERF_AUDIT: selectNextShuffleSong executed in 0ms for 5 candidates
PERF_AUDIT: selectNextShuffleSong executed in 0ms for 5 candidates
PERF_AUDIT: selectNextShuffleSong executed in 0ms for 5 candidates
PERF_AUDIT: selectNextShuffleSong executed in 0ms for 5 candidates
PERF_AUDIT: selectNextShuffleSong executed in 0ms for 5 candidates
PERF_AUDIT: selectNextShuffleSong executed in 0ms for 5 candidates
PERF_AUDIT: selectNextShuffleSong executed in 0ms for 5 candidates
PERF_AUDIT: selectNextShuffleSong executed in 0ms for 5 candidates
PERF_AUDIT: selectNextShuffleSong executed in 0ms for 5 candidates
PERF_AUDIT: selectNextShuffleSong executed in 0ms for 5 candidates
PERF_AUDIT: selectNextShuffleSong executed in 0ms for 5 candidates
PERF_AUDIT: selectNextShuffleSong executed in 0ms for 5 candidates
PERF_AUDIT: selectNextShuffleSong executed in 0ms for 5 candidates
PERF_AUDIT: selectNextShuffleSong executed in 0ms for 5 candidates
PERF_AUDIT: selectNextShuffleSong executed in 0ms for 5 candidates
PERF_AUDIT: selectNextShuffleSong executed in 0ms for 5 candidates
PERF_AUDIT: selectNextShuffleSong executed in 0ms for 5 candidates
PERF_AUDIT: selectNextShuffleSong executed in 0ms for 5 candidates
PERF_AUDIT: selectNextShuffleSong executed in 0ms for 5 candidates
PERF_AUDIT: selectNextShuffleSong executed in 0ms for 5 candidates
PERF_AUDIT: selectNextShuffleSong executed in 0ms for 5 candidates
PERF_AUDIT: selectNextShuffleSong executed in 0ms for 5 candidates
PERF_AUDIT: selectNextShuffleSong executed in 0ms for 5 candidates
PERF_AUDIT: selectNextShuffleSong executed in 0ms for 5 candidates
PERF_AUDIT: selectNextShuffleSong executed in 0ms for 5 candidates
PERF_AUDIT: selectNextShuffleSong executed in 0ms for 5 candidates
PERF_AUDIT: selectNextShuffleSong executed in 0ms for 5 candidates
PERF_AUDIT: selectNextShuffleSong executed in 0ms for 5 candidates
PERF_AUDIT: selectNextShuffleSong executed in 0ms for 5 candidates
PERF_AUDIT: selectNextShuffleSong executed in 0ms for 5 candidates
PERF_AUDIT: selectNextShuffleSong executed in 0ms for 5 candidates
PERF_AUDIT: selectNextShuffleSong executed in 0ms for 5 candidates
PERF_AUDIT: selectNextShuffleSong executed in 0ms for 5 candidates
PERF_AUDIT: selectNextShuffleSong executed in 0ms for 5 candidates
PERF_AUDIT: selectNextShuffleSong executed in 0ms for 5 candidates
PERF_AUDIT: selectNextShuffleSong executed in 0ms for 5 candidates
PERF_AUDIT: selectNextShuffleSong executed in 0ms for 5 candidates
PERF_AUDIT: selectNextShuffleSong executed in 0ms for 5 candidates
PERF_AUDIT: selectNextShuffleSong executed in 0ms for 5 candidates
PERF_AUDIT: selectNextShuffleSong executed in 0ms for 5 candidates
PERF_AUDIT: selectNextShuffleSong executed in 0ms for 5 candidates
PERF_AUDIT: selectNextShuffleSong executed in 0ms for 5 candidates
PERF_AUDIT: selectNextShuffleSong executed in 0ms for 5 candidates
PERF_AUDIT: selectNextShuffleSong executed in 0ms for 5 candidates
PERF_AUDIT: selectNextShuffleSong executed in 0ms for 5 candidates
PERF_AUDIT: selectNextShuffleSong executed in 0ms for 5 candidates
PERF_AUDIT: selectNextShuffleSong executed in 0ms for 5 candidates
PERF_AUDIT: selectNextShuffleSong executed in 0ms for 5 candidates
PERF_AUDIT: selectNextShuffleSong executed in 0ms for 5 candidates
PERF_AUDIT: selectNextShuffleSong executed in 0ms for 5 candidates
PERF_AUDIT: selectNextShuffleSong executed in 0ms for 5 candidates
PERF_AUDIT: selectNextShuffleSong executed in 0ms for 5 candidates
PERF_AUDIT: selectNextShuffleSong executed in 0ms for 5 candidates
PERF_AUDIT: selectNextShuffleSong executed in 0ms for 5 candidates
PERF_AUDIT: selectNextShuffleSong executed in 0ms for 5 candidates
PERF_AUDIT: selectNextShuffleSong executed in 0ms for 5 candidates
PERF_AUDIT: selectNextShuffleSong executed in 0ms for 5 candidates
PERF_AUDIT: selectNextShuffleSong executed in 0ms for 5 candidates
PERF_AUDIT: selectNextShuffleSong executed in 0ms for 5 candidates
PERF_AUDIT: selectNextShuffleSong executed in 0ms for 5 candidates
PERF_AUDIT: selectNextShuffleSong executed in 0ms for 5 candidates
PERF_AUDIT: selectNextShuffleSong executed in 0ms for 5 candidates
PERF_AUDIT: selectNextShuffleSong executed in 0ms for 5 candidates
PERF_AUDIT: selectNextShuffleSong executed in 0ms for 5 candidates
PERF_AUDIT: selectNextShuffleSong executed in 0ms for 5 candidates
PERF_AUDIT: selectNextShuffleSong executed in 0ms for 5 candidates
PERF_AUDIT: selectNextShuffleSong executed in 0ms for 5 candidates
PERF_AUDIT: selectNextShuffleSong executed in 0ms for 5 candidates
PERF_AUDIT: selectNextShuffleSong executed in 0ms for 5 candidates
PERF_AUDIT: selectNextShuffleSong executed in 0ms for 5 candidates
PERF_AUDIT: selectNextShuffleSong executed in 0ms for 5 candidates
PERF_AUDIT: selectNextShuffleSong executed in 0ms for 5 candidates
PERF_AUDIT: selectNextShuffleSong executed in 0ms for 5 candidates
PERF_AUDIT: selectNextShuffleSong executed in 0ms for 5 candidates
PERF_AUDIT: selectNextShuffleSong executed in 0ms for 5 candidates
PERF_AUDIT: selectNextShuffleSong executed in 0ms for 5 candidates
PERF_AUDIT: selectNextShuffleSong executed in 0ms for 5 candidates
PERF_AUDIT: selectNextShuffleSong executed in 0ms for 5 candidates
PERF_AUDIT: selectNextShuffleSong executed in 0ms for 5 candidates
PERF_AUDIT: selectNextShuffleSong executed in 0ms for 5 candidates
PERF_AUDIT: selectNextShuffleSong executed in 0ms for 5 candidates
PERF_AUDIT: selectNextShuffleSong executed in 0ms for 5 candidates
PERF_AUDIT: selectNextShuffleSong executed in 0ms for 5 candidates
PERF_AUDIT: selectNextShuffleSong executed in 0ms for 5 candidates
PERF_AUDIT: selectNextShuffleSong executed in 0ms for 5 candidates
PERF_AUDIT: selectNextShuffleSong executed in 0ms for 5 candidates
PERF_AUDIT: selectNextShuffleSong executed in 0ms for 5 candidates
PERF_AUDIT: selectNextShuffleSong executed in 0ms for 5 candidates
PERF_AUDIT: selectNextShuffleSong executed in 0ms for 5 candidates
PERF_AUDIT: selectNextShuffleSong executed in 0ms for 5 candidates
PERF_AUDIT: selectNextShuffleSong executed in 0ms for 5 candidates
PERF_AUDIT: selectNextShuffleSong executed in 0ms for 5 candidates
PERF_AUDIT: selectNextShuffleSong executed in 0ms for 5 candidates
PERF_AUDIT: selectNextShuffleSong executed in 0ms for 5 candidates
PERF_AUDIT: selectNextShuffleSong executed in 0ms for 5 candidates
PERF_AUDIT: selectNextShuffleSong executed in 0ms for 5 candidates
PERF_AUDIT: selectNextShuffleSong executed in 0ms for 5 candidates
PERF_AUDIT: selectNextShuffleSong executed in 0ms for 5 candidates
PERF_AUDIT: selectNextShuffleSong executed in 0ms for 5 candidates
PERF_AUDIT: selectNextShuffleSong executed in 0ms for 5 candidates
PERF_AUDIT: selectNextShuffleSong executed in 0ms for 5 candidates
PERF_AUDIT: selectNextShuffleSong executed in 0ms for 5 candidates
PERF_AUDIT: selectNextShuffleSong executed in 0ms for 5 candidates
PERF_AUDIT: selectNextShuffleSong executed in 0ms for 5 candidates
PERF_AUDIT: selectNextShuffleSong executed in 0ms for 5 candidates
PERF_AUDIT: selectNextShuffleSong executed in 0ms for 5 candidates
PERF_AUDIT: selectNextShuffleSong executed in 0ms for 5 candidates
PERF_AUDIT: selectNextShuffleSong executed in 0ms for 5 candidates
PERF_AUDIT: selectNextShuffleSong executed in 0ms for 5 candidates
PERF_AUDIT: selectNextShuffleSong executed in 0ms for 5 candidates
PERF_AUDIT: selectNextShuffleSong executed in 0ms for 5 candidates
PERF_AUDIT: selectNextShuffleSong executed in 0ms for 5 candidates
PERF_AUDIT: selectNextShuffleSong executed in 0ms for 5 candidates
PERF_AUDIT: selectNextShuffleSong executed in 0ms for 5 candidates
PERF_AUDIT: selectNextShuffleSong executed in 0ms for 5 candidates
PERF_AUDIT: selectNextShuffleSong executed in 0ms for 5 candidates
PERF_AUDIT: selectNextShuffleSong executed in 0ms for 5 candidates
PERF_AUDIT: selectNextShuffleSong executed in 0ms for 5 candidates
PERF_AUDIT: selectNextShuffleSong executed in 0ms for 5 candidates
PERF_AUDIT: selectNextShuffleSong executed in 0ms for 5 candidates
PERF_AUDIT: selectNextShuffleSong executed in 0ms for 5 candidates
PERF_AUDIT: selectNextShuffleSong executed in 0ms for 5 candidates
PERF_AUDIT: selectNextShuffleSong executed in 0ms for 5 candidates
PERF_AUDIT: selectNextShuffleSong executed in 0ms for 5 candidates
PERF_AUDIT: selectNextShuffleSong executed in 0ms for 5 candidates
PERF_AUDIT: selectNextShuffleSong executed in 0ms for 5 candidates
PERF_AUDIT: selectNextShuffleSong executed in 0ms for 5 candidates
PERF_AUDIT: selectNextShuffleSong executed in 0ms for 5 candidates
PERF_AUDIT: selectNextShuffleSong executed in 0ms for 5 candidates
PERF_AUDIT: selectNextShuffleSong executed in 0ms for 5 candidates
PERF_AUDIT: selectNextShuffleSong executed in 0ms for 5 candidates
PERF_AUDIT: selectNextShuffleSong executed in 0ms for 5 candidates
PERF_AUDIT: selectNextShuffleSong executed in 0ms for 5 candidates
PERF_AUDIT: selectNextShuffleSong executed in 0ms for 5 candidates
PERF_AUDIT: selectNextShuffleSong executed in 0ms for 5 candidates
PERF_AUDIT: selectNextShuffleSong executed in 0ms for 5 candidates
PERF_AUDIT: selectNextShuffleSong executed in 0ms for 5 candidates
PERF_AUDIT: selectNextShuffleSong executed in 0ms for 5 candidates
PERF_AUDIT: selectNextShuffleSong executed in 0ms for 5 candidates
PERF_AUDIT: selectNextShuffleSong executed in 0ms for 5 candidates
PERF_AUDIT: selectNextShuffleSong executed in 0ms for 5 candidates
PERF_AUDIT: selectNextShuffleSong executed in 0ms for 5 candidates
PERF_AUDIT: selectNextShuffleSong executed in 0ms for 5 candidates
PERF_AUDIT: selectNextShuffleSong executed in 0ms for 5 candidates
PERF_AUDIT: selectNextShuffleSong executed in 0ms for 5 candidates
PERF_AUDIT: selectNextShuffleSong executed in 0ms for 5 candidates
PERF_AUDIT: selectNextShuffleSong executed in 0ms for 5 candidates
PERF_AUDIT: selectNextShuffleSong executed in 0ms for 5 candidates
PERF_AUDIT: selectNextShuffleSong executed in 0ms for 5 candidates
PERF_AUDIT: selectNextShuffleSong executed in 0ms for 5 candidates
PERF_AUDIT: selectNextShuffleSong executed in 0ms for 5 candidates
PERF_AUDIT: selectNextShuffleSong executed in 0ms for 5 candidates
PERF_AUDIT: selectNextShuffleSong executed in 0ms for 5 candidates
PERF_AUDIT: selectNextShuffleSong executed in 0ms for 5 candidates
PERF_AUDIT: selectNextShuffleSong executed in 0ms for 5 candidates
PERF_AUDIT: selectNextShuffleSong executed in 0ms for 5 candidates
PERF_AUDIT: selectNextShuffleSong executed in 0ms for 5 candidates
PERF_AUDIT: selectNextShuffleSong executed in 0ms for 5 candidates
PERF_AUDIT: selectNextShuffleSong executed in 0ms for 5 candidates
PERF_AUDIT: selectNextShuffleSong executed in 0ms for 5 candidates
PERF_AUDIT: selectNextShuffleSong executed in 0ms for 5 candidates
PERF_AUDIT: selectNextShuffleSong executed in 0ms for 5 candidates
PERF_AUDIT: selectNextShuffleSong executed in 0ms for 5 candidates
PERF_AUDIT: selectNextShuffleSong executed in 0ms for 5 candidates
PERF_AUDIT: selectNextShuffleSong executed in 0ms for 5 candidates
PERF_AUDIT: selectNextShuffleSong executed in 0ms for 5 candidates
PERF_AUDIT: selectNextShuffleSong executed in 0ms for 5 candidates
PERF_AUDIT: selectNextShuffleSong executed in 0ms for 5 candidates
PERF_AUDIT: selectNextShuffleSong executed in 0ms for 5 candidates
PERF_AUDIT: selectNextShuffleSong executed in 0ms for 5 candidates
PERF_AUDIT: selectNextShuffleSong executed in 0ms for 5 candidates
PERF_AUDIT: selectNextShuffleSong executed in 0ms for 5 candidates
PERF_AUDIT: selectNextShuffleSong executed in 0ms for 5 candidates
PERF_AUDIT: selectNextShuffleSong executed in 0ms for 5 candidates
PERF_AUDIT: selectNextShuffleSong executed in 0ms for 5 candidates
PERF_AUDIT: selectNextShuffleSong executed in 0ms for 5 candidates
PERF_AUDIT: selectNextShuffleSong executed in 0ms for 5 candidates
PERF_AUDIT: selectNextShuffleSong executed in 0ms for 5 candidates
PERF_AUDIT: selectNextShuffleSong executed in 0ms for 5 candidates
PERF_AUDIT: selectNextShuffleSong executed in 0ms for 5 candidates
PERF_AUDIT: selectNextShuffleSong executed in 0ms for 5 candidates
PERF_AUDIT: selectNextShuffleSong executed in 0ms for 5 candidates
PERF_AUDIT: selectNextShuffleSong executed in 0ms for 5 candidates
PERF_AUDIT: selectNextShuffleSong executed in 0ms for 5 candidates
PERF_AUDIT: selectNextShuffleSong executed in 0ms for 5 candidates
PERF_AUDIT: selectNextShuffleSong executed in 0ms for 5 candidates
PERF_AUDIT: selectNextShuffleSong executed in 0ms for 5 candidates
PERF_AUDIT: selectNextShuffleSong executed in 0ms for 5 candidates
PERF_AUDIT: selectNextShuffleSong executed in 0ms for 5 candidates
PERF_AUDIT: selectNextShuffleSong executed in 0ms for 5 candidates
PERF_AUDIT: selectNextShuffleSong executed in 0ms for 5 candidates
PERF_AUDIT: selectNextShuffleSong executed in 0ms for 5 candidates
PERF_AUDIT: selectNextShuffleSong executed in 0ms for 5 candidates
PERF_AUDIT: selectNextShuffleSong executed in 0ms for 5 candidates
PERF_AUDIT: selectNextShuffleSong executed in 0ms for 5 candidates
PERF_AUDIT: selectNextShuffleSong executed in 0ms for 5 candidates
PERF_AUDIT: selectNextShuffleSong executed in 0ms for 5 candidates
PERF_AUDIT: selectNextShuffleSong executed in 0ms for 5 candidates
PERF_AUDIT: selectNextShuffleSong executed in 0ms for 5 candidates
PERF_AUDIT: selectNextShuffleSong executed in 0ms for 5 candidates
PERF_AUDIT: selectNextShuffleSong executed in 0ms for 5 candidates
PERF_AUDIT: selectNextShuffleSong executed in 0ms for 5 candidates
PERF_AUDIT: selectNextShuffleSong executed in 0ms for 5 candidates
PERF_AUDIT: selectNextShuffleSong executed in 0ms for 5 candidates
PERF_AUDIT: selectNextShuffleSong executed in 0ms for 5 candidates
PERF_AUDIT: selectNextShuffleSong executed in 0ms for 5 candidates
PERF_AUDIT: selectNextShuffleSong executed in 0ms for 5 candidates
PERF_AUDIT: selectNextShuffleSong executed in 0ms for 5 candidates
PERF_AUDIT: selectNextShuffleSong executed in 0ms for 5 candidates
PERF_AUDIT: selectNextShuffleSong executed in 0ms for 5 candidates
PERF_AUDIT: selectNextShuffleSong executed in 0ms for 5 candidates
PERF_AUDIT: selectNextShuffleSong executed in 0ms for 5 candidates
PERF_AUDIT: selectNextShuffleSong executed in 0ms for 5 candidates
PERF_AUDIT: selectNextShuffleSong executed in 0ms for 5 candidates
PERF_AUDIT: selectNextShuffleSong executed in 0ms for 5 candidates
PERF_AUDIT: selectNextShuffleSong executed in 0ms for 5 candidates
PERF_AUDIT: selectNextShuffleSong executed in 0ms for 5 candidates
PERF_AUDIT: selectNextShuffleSong executed in 0ms for 5 candidates
PERF_AUDIT: selectNextShuffleSong executed in 0ms for 5 candidates
PERF_AUDIT: selectNextShuffleSong executed in 0ms for 5 candidates
PERF_AUDIT: selectNextShuffleSong executed in 0ms for 5 candidates
PERF_AUDIT: selectNextShuffleSong executed in 0ms for 5 candidates
PERF_AUDIT: selectNextShuffleSong executed in 0ms for 5 candidates
PERF_AUDIT: selectNextShuffleSong executed in 0ms for 5 candidates
PERF_AUDIT: selectNextShuffleSong executed in 0ms for 5 candidates
PERF_AUDIT: selectNextShuffleSong executed in 0ms for 5 candidates
PERF_AUDIT: selectNextShuffleSong executed in 0ms for 5 candidates
PERF_AUDIT: selectNextShuffleSong executed in 0ms for 5 candidates
PERF_AUDIT: selectNextShuffleSong executed in 0ms for 5 candidates
PERF_AUDIT: selectNextShuffleSong executed in 0ms for 5 candidates
PERF_AUDIT: selectNextShuffleSong executed in 0ms for 5 candidates
PERF_AUDIT: selectNextShuffleSong executed in 0ms for 5 candidates
PERF_AUDIT: selectNextShuffleSong executed in 0ms for 5 candidates
PERF_AUDIT: selectNextShuffleSong executed in 0ms for 5 candidates
PERF_AUDIT: selectNextShuffleSong executed in 0ms for 5 candidates
PERF_AUDIT: selectNextShuffleSong executed in 0ms for 5 candidates
PERF_AUDIT: selectNextShuffleSong executed in 0ms for 5 candidates
PERF_AUDIT: selectNextShuffleSong executed in 0ms for 5 candidates
PERF_AUDIT: selectNextShuffleSong executed in 0ms for 5 candidates
PERF_AUDIT: selectNextShuffleSong executed in 0ms for 5 candidates
PERF_AUDIT: selectNextShuffleSong executed in 0ms for 5 candidates
PERF_AUDIT: selectNextShuffleSong executed in 0ms for 5 candidates
PERF_AUDIT: selectNextShuffleSong executed in 0ms for 5 candidates
PERF_AUDIT: selectNextShuffleSong executed in 0ms for 5 candidates
PERF_AUDIT: selectNextShuffleSong executed in 0ms for 5 candidates
PERF_AUDIT: selectNextShuffleSong executed in 0ms for 5 candidates
PERF_AUDIT: selectNextShuffleSong executed in 0ms for 5 candidates
PERF_AUDIT: selectNextShuffleSong executed in 0ms for 5 candidates
PERF_AUDIT: selectNextShuffleSong executed in 0ms for 5 candidates
PERF_AUDIT: selectNextShuffleSong executed in 0ms for 5 candidates
PERF_AUDIT: selectNextShuffleSong executed in 0ms for 5 candidates
PERF_AUDIT: selectNextShuffleSong executed in 0ms for 5 candidates
PERF_AUDIT: selectNextShuffleSong executed in 0ms for 5 candidates
[...]
Cycle 21, Pick 3: Exclusion set size: 3, containing: [99, 14, 1]
PERF_AUDIT: selectNextShuffleSong executed in 0ms for 18 candidates
Cycle 21, Pick 4: Exclusion set size: 4, containing: [99, 14, 1, 19]
PERF_AUDIT: selectNextShuffleSong executed in 0ms for 17 candidates
Cycle 21, Pick 5: Exclusion set size: 5, containing: [99, 14, 1, 19, 18]
PERF_AUDIT: selectNextShuffleSong executed in 0ms for 16 candidates
Cycle 22, Pick 1: Exclusion set size: 1, containing: [99]
PERF_AUDIT: selectNextShuffleSong executed in 0ms for 20 candidates
Cycle 22, Pick 2: Exclusion set size: 2, containing: [99, 20]
PERF_AUDIT: selectNextShuffleSong executed in 0ms for 19 candidates
Cycle 22, Pick 3: Exclusion set size: 3, containing: [99, 20, 5]
PERF_AUDIT: selectNextShuffleSong executed in 0ms for 18 candidates
Cycle 22, Pick 4: Exclusion set size: 4, containing: [99, 20, 5, 6]
PERF_AUDIT: selectNextShuffleSong executed in 0ms for 17 candidates
Cycle 22, Pick 5: Exclusion set size: 5, containing: [99, 20, 5, 6, 10]
PERF_AUDIT: selectNextShuffleSong executed in 0ms for 16 candidates
Cycle 23, Pick 1: Exclusion set size: 1, containing: [99]
PERF_AUDIT: selectNextShuffleSong executed in 0ms for 20 candidates
Cycle 23, Pick 2: Exclusion set size: 2, containing: [99, 7]
PERF_AUDIT: selectNextShuffleSong executed in 0ms for 19 candidates
Cycle 23, Pick 3: Exclusion set size: 3, containing: [99, 7, 5]
PERF_AUDIT: selectNextShuffleSong executed in 0ms for 18 candidates
Cycle 23, Pick 4: Exclusion set size: 4, containing: [99, 7, 5, 2]
PERF_AUDIT: selectNextShuffleSong executed in 0ms for 17 candidates
Cycle 23, Pick 5: Exclusion set size: 5, containing: [99, 7, 5, 2, 14]
PERF_AUDIT: selectNextShuffleSong executed in 0ms for 16 candidates
Cycle 24, Pick 1: Exclusion set size: 1, containing: [99]
PERF_AUDIT: selectNextShuffleSong executed in 0ms for 20 candidates
Cycle 24, Pick 2: Exclusion set size: 2, containing: [99, 8]
PERF_AUDIT: selectNextShuffleSong executed in 0ms for 19 candidates
Cycle 24, Pick 3: Exclusion set size: 3, containing: [99, 8, 10]
PERF_AUDIT: selectNextShuffleSong executed in 0ms for 18 candidates
Cycle 24, Pick 4: Exclusion set size: 4, containing: [99, 8, 10, 14]
PERF_AUDIT: selectNextShuffleSong executed in 0ms for 17 candidates
Cycle 24, Pick 5: Exclusion set size: 5, containing: [99, 8, 10, 14, 9]
PERF_AUDIT: selectNextShuffleSong executed in 0ms for 16 candidates
Cycle 25, Pick 1: Exclusion set size: 1, containing: [99]
PERF_AUDIT: selectNextShuffleSong executed in 0ms for 20 candidates
Cycle 25, Pick 2: Exclusion set size: 2, containing: [99, 20]
PERF_AUDIT: selectNextShuffleSong executed in 0ms for 19 candidates
Cycle 25, Pick 3: Exclusion set size: 3, containing: [99, 20, 18]
PERF_AUDIT: selectNextShuffleSong executed in 0ms for 18 candidates
Cycle 25, Pick 4: Exclusion set size: 4, containing: [99, 20, 18, 14]
PERF_AUDIT: selectNextShuffleSong executed in 0ms for 17 candidates
Cycle 25, Pick 5: Exclusion set size: 5, containing: [99, 20, 18, 14, 4]
PERF_AUDIT: selectNextShuffleSong executed in 0ms for 16 candidates
Cycle 26, Pick 1: Exclusion set size: 1, containing: [99]
PERF_AUDIT: selectNextShuffleSong executed in 0ms for 20 candidates
Cycle 26, Pick 2: Exclusion set size: 2, containing: [99, 13]
PERF_AUDIT: selectNextShuffleSong executed in 0ms for 19 candidates
Cycle 26, Pick 3: Exclusion set size: 3, containing: [99, 13, 18]
PERF_AUDIT: selectNextShuffleSong executed in 0ms for 18 candidates
Cycle 26, Pick 4: Exclusion set size: 4, containing: [99, 13, 18, 7]
PERF_AUDIT: selectNextShuffleSong executed in 0ms for 17 candidates
Cycle 26, Pick 5: Exclusion set size: 5, containing: [99, 13, 18, 7, 20]
PERF_AUDIT: selectNextShuffleSong executed in 0ms for 16 candidates
Cycle 27, Pick 1: Exclusion set size: 1, containing: [99]
PERF_AUDIT: selectNextShuffleSong executed in 0ms for 20 candidates
Cycle 27, Pick 2: Exclusion set size: 2, containing: [99, 11]
PERF_AUDIT: selectNextShuffleSong executed in 0ms for 19 candidates
Cycle 27, Pick 3: Exclusion set size: 3, containing: [99, 11, 9]
PERF_AUDIT: selectNextShuffleSong executed in 0ms for 18 candidates
Cycle 27, Pick 4: Exclusion set size: 4, containing: [99, 11, 9, 18]
PERF_AUDIT: selectNextShuffleSong executed in 0ms for 17 candidates
Cycle 27, Pick 5: Exclusion set size: 5, containing: [99, 11, 9, 18, 19]
PERF_AUDIT: selectNextShuffleSong executed in 0ms for 16 candidates
Cycle 28, Pick 1: Exclusion set size: 1, containing: [99]
PERF_AUDIT: selectNextShuffleSong executed in 0ms for 20 candidates
Cycle 28, Pick 2: Exclusion set size: 2, containing: [99, 17]
PERF_AUDIT: selectNextShuffleSong executed in 0ms for 19 candidates
Cycle 28, Pick 3: Exclusion set size: 3, containing: [99, 17, 4]
PERF_AUDIT: selectNextShuffleSong executed in 0ms for 18 candidates
Cycle 28, Pick 4: Exclusion set size: 4, containing: [99, 17, 4, 9]
PERF_AUDIT: selectNextShuffleSong executed in 0ms for 17 candidates
Cycle 28, Pick 5: Exclusion set size: 5, containing: [99, 17, 4, 9, 14]
PERF_AUDIT: selectNextShuffleSong executed in 0ms for 16 candidates
Cycle 29, Pick 1: Exclusion set size: 1, containing: [99]
PERF_AUDIT: selectNextShuffleSong executed in 0ms for 20 candidates
Cycle 29, Pick 2: Exclusion set size: 2, containing: [99, 19]
PERF_AUDIT: selectNextShuffleSong executed in 0ms for 19 candidates
Cycle 29, Pick 3: Exclusion set size: 3, containing: [99, 19, 14]
PERF_AUDIT: selectNextShuffleSong executed in 0ms for 18 candidates
Cycle 29, Pick 4: Exclusion set size: 4, containing: [99, 19, 14, 18]
PERF_AUDIT: selectNextShuffleSong executed in 0ms for 17 candidates
Cycle 29, Pick 5: Exclusion set size: 5, containing: [99, 19, 14, 18, 12]
PERF_AUDIT: selectNextShuffleSong executed in 0ms for 16 candidates
Cycle 30, Pick 1: Exclusion set size: 1, containing: [99]
PERF_AUDIT: selectNextShuffleSong executed in 0ms for 20 candidates
Cycle 30, Pick 2: Exclusion set size: 2, containing: [99, 18]
PERF_AUDIT: selectNextShuffleSong executed in 0ms for 19 candidates
Cycle 30, Pick 3: Exclusion set size: 3, containing: [99, 18, 15]
PERF_AUDIT: selectNextShuffleSong executed in 0ms for 18 candidates
Cycle 30, Pick 4: Exclusion set size: 4, containing: [99, 18, 15, 2]
PERF_AUDIT: selectNextShuffleSong executed in 0ms for 17 candidates
Cycle 30, Pick 5: Exclusion set size: 5, containing: [99, 18, 15, 2, 14]
PERF_AUDIT: selectNextShuffleSong executed in 0ms for 16 candidates
Cycle 31, Pick 1: Exclusion set size: 1, containing: [99]
PERF_AUDIT: selectNextShuffleSong executed in 0ms for 20 candidates
Cycle 31, Pick 2: Exclusion set size: 2, containing: [99, 16]
PERF_AUDIT: selectNextShuffleSong executed in 0ms for 19 candidates
Cycle 31, Pick 3: Exclusion set size: 3, containing: [99, 16, 19]
PERF_AUDIT: selectNextShuffleSong executed in 0ms for 18 candidates
Cycle 31, Pick 4: Exclusion set size: 4, containing: [99, 16, 19, 7]
PERF_AUDIT: selectNextShuffleSong executed in 0ms for 17 candidates
Cycle 31, Pick 5: Exclusion set size: 5, containing: [99, 16, 19, 7, 11]
PERF_AUDIT: selectNextShuffleSong executed in 0ms for 16 candidates
Cycle 32, Pick 1: Exclusion set size: 1, containing: [99]
PERF_AUDIT: selectNextShuffleSong executed in 0ms for 20 candidates
Cycle 32, Pick 2: Exclusion set size: 2, containing: [99, 19]
PERF_AUDIT: selectNextShuffleSong executed in 0ms for 19 candidates
Cycle 32, Pick 3: Exclusion set size: 3, containing: [99, 19, 7]
PERF_AUDIT: selectNextShuffleSong executed in 0ms for 18 candidates
Cycle 32, Pick 4: Exclusion set size: 4, containing: [99, 19, 7, 2]
PERF_AUDIT: selectNextShuffleSong executed in 0ms for 17 candidates
Cycle 32, Pick 5: Exclusion set size: 5, containing: [99, 19, 7, 2, 8]
PERF_AUDIT: selectNextShuffleSong executed in 0ms for 16 candidates
Cycle 33, Pick 1: Exclusion set size: 1, containing: [99]
PERF_AUDIT: selectNextShuffleSong executed in 0ms for 20 candidates
Cycle 33, Pick 2: Exclusion set size: 2, containing: [99, 15]
PERF_AUDIT: selectNextShuffleSong executed in 0ms for 19 candidates
Cycle 33, Pick 3: Exclusion set size: 3, containing: [99, 15, 18]
PERF_AUDIT: selectNextShuffleSong executed in 0ms for 18 candidates
Cycle 33, Pick 4: Exclusion set size: 4, containing: [99, 15, 18, 7]
PERF_AUDIT: selectNextShuffleSong executed in 0ms for 17 candidates
Cycle 33, Pick 5: Exclusion set size: 5, containing: [99, 15, 18, 7, 1]
PERF_AUDIT: selectNextShuffleSong executed in 0ms for 16 candidates
Cycle 34, Pick 1: Exclusion set size: 1, containing: [99]
PERF_AUDIT: selectNextShuffleSong executed in 0ms for 20 candidates
Cycle 34, Pick 2: Exclusion set size: 2, containing: [99, 9]
PERF_AUDIT: selectNextShuffleSong executed in 0ms for 19 candidates
Cycle 34, Pick 3: Exclusion set size: 3, containing: [99, 9, 19]
PERF_AUDIT: selectNextShuffleSong executed in 0ms for 18 candidates
Cycle 34, Pick 4: Exclusion set size: 4, containing: [99, 9, 19, 8]
PERF_AUDIT: selectNextShuffleSong executed in 0ms for 17 candidates
Cycle 34, Pick 5: Exclusion set size: 5, containing: [99, 9, 19, 8, 18]
PERF_AUDIT: selectNextShuffleSong executed in 0ms for 16 candidates
Cycle 35, Pick 1: Exclusion set size: 1, containing: [99]
PERF_AUDIT: selectNextShuffleSong executed in 0ms for 20 candidates
Cycle 35, Pick 2: Exclusion set size: 2, containing: [99, 14]
PERF_AUDIT: selectNextShuffleSong executed in 0ms for 19 candidates
Cycle 35, Pick 3: Exclusion set size: 3, containing: [99, 14, 3]
PERF_AUDIT: selectNextShuffleSong executed in 0ms for 18 candidates
Cycle 35, Pick 4: Exclusion set size: 4, containing: [99, 14, 3, 7]
PERF_AUDIT: selectNextShuffleSong executed in 0ms for 17 candidates
Cycle 35, Pick 5: Exclusion set size: 5, containing: [99, 14, 3, 7, 4]
PERF_AUDIT: selectNextShuffleSong executed in 0ms for 16 candidates
Cycle 36, Pick 1: Exclusion set size: 1, containing: [99]
PERF_AUDIT: selectNextShuffleSong executed in 0ms for 20 candidates
Cycle 36, Pick 2: Exclusion set size: 2, containing: [99, 15]
PERF_AUDIT: selectNextShuffleSong executed in 0ms for 19 candidates
Cycle 36, Pick 3: Exclusion set size: 3, containing: [99, 15, 7]
PERF_AUDIT: selectNextShuffleSong executed in 0ms for 18 candidates
Cycle 36, Pick 4: Exclusion set size: 4, containing: [99, 15, 7, 5]
PERF_AUDIT: selectNextShuffleSong executed in 0ms for 17 candidates
Cycle 36, Pick 5: Exclusion set size: 5, containing: [99, 15, 7, 5, 19]
PERF_AUDIT: selectNextShuffleSong executed in 0ms for 16 candidates
Cycle 37, Pick 1: Exclusion set size: 1, containing: [99]
PERF_AUDIT: selectNextShuffleSong executed in 0ms for 20 candidates
Cycle 37, Pick 2: Exclusion set size: 2, containing: [99, 2]
PERF_AUDIT: selectNextShuffleSong executed in 0ms for 19 candidates
Cycle 37, Pick 3: Exclusion set size: 3, containing: [99, 2, 1]
PERF_AUDIT: selectNextShuffleSong executed in 0ms for 18 candidates
Cycle 37, Pick 4: Exclusion set size: 4, containing: [99, 2, 1, 5]
PERF_AUDIT: selectNextShuffleSong executed in 0ms for 17 candidates
Cycle 37, Pick 5: Exclusion set size: 5, containing: [99, 2, 1, 5, 9]
PERF_AUDIT: selectNextShuffleSong executed in 0ms for 16 candidates
Cycle 38, Pick 1: Exclusion set size: 1, containing: [99]
PERF_AUDIT: selectNextShuffleSong executed in 0ms for 20 candidates
Cycle 38, Pick 2: Exclusion set size: 2, containing: [99, 11]
PERF_AUDIT: selectNextShuffleSong executed in 0ms for 19 candidates
Cycle 38, Pick 3: Exclusion set size: 3, containing: [99, 11, 2]
PERF_AUDIT: selectNextShuffleSong executed in 0ms for 18 candidates
Cycle 38, Pick 4: Exclusion set size: 4, containing: [99, 11, 2, 10]
PERF_AUDIT: selectNextShuffleSong executed in 0ms for 17 candidates
Cycle 38, Pick 5: Exclusion set size: 5, containing: [99, 11, 2, 10, 13]
PERF_AUDIT: selectNextShuffleSong executed in 0ms for 16 candidates
Cycle 39, Pick 1: Exclusion set size: 1, containing: [99]
PERF_AUDIT: selectNextShuffleSong executed in 0ms for 20 candidates
Cycle 39, Pick 2: Exclusion set size: 2, containing: [99, 18]
PERF_AUDIT: selectNextShuffleSong executed in 0ms for 19 candidates
Cycle 39, Pick 3: Exclusion set size: 3, containing: [99, 18, 8]
PERF_AUDIT: selectNextShuffleSong executed in 0ms for 18 candidates
Cycle 39, Pick 4: Exclusion set size: 4, containing: [99, 18, 8, 5]
PERF_AUDIT: selectNextShuffleSong executed in 0ms for 17 candidates
Cycle 39, Pick 5: Exclusion set size: 5, containing: [99, 18, 8, 5, 14]
PERF_AUDIT: selectNextShuffleSong executed in 0ms for 16 candidates
Cycle 40, Pick 1: Exclusion set size: 1, containing: [99]
PERF_AUDIT: selectNextShuffleSong executed in 0ms for 20 candidates
Cycle 40, Pick 2: Exclusion set size: 2, containing: [99, 13]
PERF_AUDIT: selectNextShuffleSong executed in 0ms for 19 candidates
Cycle 40, Pick 3: Exclusion set size: 3, containing: [99, 13, 16]
PERF_AUDIT: selectNextShuffleSong executed in 0ms for 18 candidates
Cycle 40, Pick 4: Exclusion set size: 4, containing: [99, 13, 16, 18]
PERF_AUDIT: selectNextShuffleSong executed in 0ms for 17 candidates
Cycle 40, Pick 5: Exclusion set size: 5, containing: [99, 13, 16, 18, 5]
PERF_AUDIT: selectNextShuffleSong executed in 0ms for 16 candidates
Cycle 41, Pick 1: Exclusion set size: 1, containing: [99]
PERF_AUDIT: selectNextShuffleSong executed in 0ms for 20 candidates
Cycle 41, Pick 2: Exclusion set size: 2, containing: [99, 10]
PERF_AUDIT: selectNextShuffleSong executed in 0ms for 19 candidates
Cycle 41, Pick 3: Exclusion set size: 3, containing: [99, 10, 14]
PERF_AUDIT: selectNextShuffleSong executed in 0ms for 18 candidates
Cycle 41, Pick 4: Exclusion set size: 4, containing: [99, 10, 14, 1]
PERF_AUDIT: selectNextShuffleSong executed in 0ms for 17 candidates
Cycle 41, Pick 5: Exclusion set size: 5, containing: [99, 10, 14, 1, 3]
PERF_AUDIT: selectNextShuffleSong executed in 0ms for 16 candidates
Cycle 42, Pick 1: Exclusion set size: 1, containing: [99]
PERF_AUDIT: selectNextShuffleSong executed in 0ms for 20 candidates
Cycle 42, Pick 2: Exclusion set size: 2, containing: [99, 6]
PERF_AUDIT: selectNextShuffleSong executed in 0ms for 19 candidates
Cycle 42, Pick 3: Exclusion set size: 3, containing: [99, 6, 15]
PERF_AUDIT: selectNextShuffleSong executed in 0ms for 18 candidates
Cycle 42, Pick 4: Exclusion set size: 4, containing: [99, 6, 15, 20]
PERF_AUDIT: selectNextShuffleSong executed in 0ms for 17 candidates
Cycle 42, Pick 5: Exclusion set size: 5, containing: [99, 6, 15, 20, 13]
PERF_AUDIT: selectNextShuffleSong executed in 0ms for 16 candidates
Cycle 43, Pick 1: Exclusion set size: 1, containing: [99]
PERF_AUDIT: selectNextShuffleSong executed in 0ms for 20 candidates
Cycle 43, Pick 2: Exclusion set size: 2, containing: [99, 10]
PERF_AUDIT: selectNextShuffleSong executed in 0ms for 19 candidates
Cycle 43, Pick 3: Exclusion set size: 3, containing: [99, 10, 12]
PERF_AUDIT: selectNextShuffleSong executed in 0ms for 18 candidates
Cycle 43, Pick 4: Exclusion set size: 4, containing: [99, 10, 12, 4]
PERF_AUDIT: selectNextShuffleSong executed in 0ms for 17 candidates
Cycle 43, Pick 5: Exclusion set size: 5, containing: [99, 10, 12, 4, 1]
PERF_AUDIT: selectNextShuffleSong executed in 0ms for 16 candidates
Cycle 44, Pick 1: Exclusion set size: 1, containing: [99]
PERF_AUDIT: selectNextShuffleSong executed in 0ms for 20 candidates
Cycle 44, Pick 2: Exclusion set size: 2, containing: [99, 1]
PERF_AUDIT: selectNextShuffleSong executed in 0ms for 19 candidates
Cycle 44, Pick 3: Exclusion set size: 3, containing: [99, 1, 20]
PERF_AUDIT: selectNextShuffleSong executed in 0ms for 18 candidates
Cycle 44, Pick 4: Exclusion set size: 4, containing: [99, 1, 20, 9]
PERF_AUDIT: selectNextShuffleSong executed in 0ms for 17 candidates
Cycle 44, Pick 5: Exclusion set size: 5, containing: [99, 1, 20, 9, 10]
PERF_AUDIT: selectNextShuffleSong executed in 0ms for 16 candidates
Cycle 45, Pick 1: Exclusion set size: 1, containing: [99]
PERF_AUDIT: selectNextShuffleSong executed in 0ms for 20 candidates
Cycle 45, Pick 2: Exclusion set size: 2, containing: [99, 16]
PERF_AUDIT: selectNextShuffleSong executed in 0ms for 19 candidates
Cycle 45, Pick 3: Exclusion set size: 3, containing: [99, 16, 19]
PERF_AUDIT: selectNextShuffleSong executed in 0ms for 18 candidates
Cycle 45, Pick 4: Exclusion set size: 4, containing: [99, 16, 19, 5]
PERF_AUDIT: selectNextShuffleSong executed in 0ms for 17 candidates
Cycle 45, Pick 5: Exclusion set size: 5, containing: [99, 16, 19, 5, 18]
PERF_AUDIT: selectNextShuffleSong executed in 0ms for 16 candidates
Cycle 46, Pick 1: Exclusion set size: 1, containing: [99]
PERF_AUDIT: selectNextShuffleSong executed in 0ms for 20 candidates
Cycle 46, Pick 2: Exclusion set size: 2, containing: [99, 4]
PERF_AUDIT: selectNextShuffleSong executed in 0ms for 19 candidates
Cycle 46, Pick 3: Exclusion set size: 3, containing: [99, 4, 19]
PERF_AUDIT: selectNextShuffleSong executed in 0ms for 18 candidates
Cycle 46, Pick 4: Exclusion set size: 4, containing: [99, 4, 19, 2]
PERF_AUDIT: selectNextShuffleSong executed in 0ms for 17 candidates
Cycle 46, Pick 5: Exclusion set size: 5, containing: [99, 4, 19, 2, 10]
PERF_AUDIT: selectNextShuffleSong executed in 0ms for 16 candidates
Cycle 47, Pick 1: Exclusion set size: 1, containing: [99]
PERF_AUDIT: selectNextShuffleSong executed in 0ms for 20 candidates
Cycle 47, Pick 2: Exclusion set size: 2, containing: [99, 10]
PERF_AUDIT: selectNextShuffleSong executed in 0ms for 19 candidates
Cycle 47, Pick 3: Exclusion set size: 3, containing: [99, 10, 4]
PERF_AUDIT: selectNextShuffleSong executed in 0ms for 18 candidates
Cycle 47, Pick 4: Exclusion set size: 4, containing: [99, 10, 4, 17]
PERF_AUDIT: selectNextShuffleSong executed in 0ms for 17 candidates
Cycle 47, Pick 5: Exclusion set size: 5, containing: [99, 10, 4, 17, 8]
PERF_AUDIT: selectNextShuffleSong executed in 0ms for 16 candidates
Cycle 48, Pick 1: Exclusion set size: 1, containing: [99]
PERF_AUDIT: selectNextShuffleSong executed in 0ms for 20 candidates
Cycle 48, Pick 2: Exclusion set size: 2, containing: [99, 9]
PERF_AUDIT: selectNextShuffleSong executed in 0ms for 19 candidates
Cycle 48, Pick 3: Exclusion set size: 3, containing: [99, 9, 3]
PERF_AUDIT: selectNextShuffleSong executed in 0ms for 18 candidates
Cycle 48, Pick 4: Exclusion set size: 4, containing: [99, 9, 3, 5]
PERF_AUDIT: selectNextShuffleSong executed in 0ms for 17 candidates
Cycle 48, Pick 5: Exclusion set size: 5, containing: [99, 9, 3, 5, 4]
PERF_AUDIT: selectNextShuffleSong executed in 0ms for 16 candidates
Cycle 49, Pick 1: Exclusion set size: 1, containing: [99]
PERF_AUDIT: selectNextShuffleSong executed in 0ms for 20 candidates
Cycle 49, Pick 2: Exclusion set size: 2, containing: [99, 5]
PERF_AUDIT: selectNextShuffleSong executed in 0ms for 19 candidates
Cycle 49, Pick 3: Exclusion set size: 3, containing: [99, 5, 11]
PERF_AUDIT: selectNextShuffleSong executed in 0ms for 18 candidates
Cycle 49, Pick 4: Exclusion set size: 4, containing: [99, 5, 11, 4]
PERF_AUDIT: selectNextShuffleSong executed in 0ms for 17 candidates
Cycle 49, Pick 5: Exclusion set size: 5, containing: [99, 5, 11, 4, 12]
PERF_AUDIT: selectNextShuffleSong executed in 0ms for 16 candidates
Cycle 50, Pick 1: Exclusion set size: 1, containing: [99]
PERF_AUDIT: selectNextShuffleSong executed in 0ms for 20 candidates
Cycle 50, Pick 2: Exclusion set size: 2, containing: [99, 19]
PERF_AUDIT: selectNextShuffleSong executed in 0ms for 19 candidates
Cycle 50, Pick 3: Exclusion set size: 3, containing: [99, 19, 18]
PERF_AUDIT: selectNextShuffleSong executed in 0ms for 18 candidates
Cycle 50, Pick 4: Exclusion set size: 4, containing: [99, 19, 18, 6]
PERF_AUDIT: selectNextShuffleSong executed in 0ms for 17 candidates
Cycle 50, Pick 5: Exclusion set size: 5, containing: [99, 19, 18, 6, 1]
PERF_AUDIT: selectNextShuffleSong executed in 0ms for 16 candidates
TEST RESULT: Out of 50 fill cycles, 0 contained a duplicate within the same batch.
PERF_AUDIT: selectNextShuffleSong (empty candidates) executed in 2ms
]]></system-out>
  <system-err><![CDATA[]]></system-err>
</testsuite>
