<?xml version="1.0" encoding="UTF-8"?>
<testsuite name="com.example.smartshuffle.domain.RankingEngineTest" tests="18" skipped="0" failures="0" errors="0" timestamp="2026-09-21T05:55:46" hostname="ABHINAND" time="0.092">
  <properties/>
  <testcase name="incrementRank records PlayHistory entry" classname="com.example.smartshuffle.domain.RankingEngineTest" time="0.003"/>
  <testcase name="incrementRank with MANUAL uses MANUAL_RANK_INCREMENT" classname="com.example.smartshuffle.domain.RankingEngineTest" time="0.001"/>
  <testcase name="excludeSongId is never selected" classname="com.example.smartshuffle.domain.RankingEngineTest" time="0.014"/>
  <testcase name="song ranked at t=0 returns effective rank 0 at t = 3 days" classname="com.example.smartshuffle.domain.RankingEngineTest" time="0.0"/>
  <testcase name="song ranked at t=0 returns full rankValue when queried at t=0" classname="com.example.smartshuffle.domain.RankingEngineTest" time="0.001"/>
  <testcase name="song ranked at t=0 returns effective rank 0 when well past decay period" classname="com.example.smartshuffle.domain.RankingEngineTest" time="0.0"/>
  <testcase name="selectNextShuffleSong returns null when no valid candidates" classname="com.example.smartshuffle.domain.RankingEngineTest" time="0.001"/>
  <testcase name="weighted selection favors rank-0 song over high-rank songs" classname="com.example.smartshuffle.domain.RankingEngineTest" time="0.013"/>
  <testcase name="weighted selection picks every song at least occasionally with equal ranks" classname="com.example.smartshuffle.domain.RankingEngineTest" time="0.005"/>
  <testcase name="song with no SongRank entry returns effective rank 0" classname="com.example.smartshuffle.domain.RankingEngineTest" time="0.002"/>
  <testcase name="SHUFFLE increment is exactly double MANUAL increment" classname="com.example.smartshuffle.domain.RankingEngineTest" time="0.0"/>
  <testcase name="incrementRank with SHUFFLE uses SHUFFLE_RANK_INCREMENT" classname="com.example.smartshuffle.domain.RankingEngineTest" time="0.002"/>
  <testcase name="song ranked at t=0 returns half rankValue at t = 1_5 days" classname="com.example.smartshuffle.domain.RankingEngineTest" time="0.0"/>
  <testcase name="selectNextShuffleSong respects playlistContext scope" classname="com.example.smartshuffle.domain.RankingEngineTest" time="0.002"/>
  <testcase name="large rank disparity still allows occasional selection of high-rank songs" classname="com.example.smartshuffle.domain.RankingEngineTest" time="0.023"/>
  <testcase name="automated reproduction test - fill buffer 50 times and check for duplicates" classname="com.example.smartshuffle.domain.RankingEngineTest" time="0.015"/>
  <testcase name="selectNextShuffleSong returns null when library is empty" classname="com.example.smartshuffle.domain.RankingEngineTest" time="0.004"/>
  <testcase name="re-play before full decay stacks correctly on decaying value" classname="com.example.smartshuffle.domain.RankingEngineTest" time="0.002"/>
  <system-out><![CDATA[TEST STATS: Low rank picks: 4900, High rank picks: 100
Cycle 1, Pick 1: Exclusion set size: 1, containing: [99]
Cycle 1, Pick 2: Exclusion set size: 2, containing: [99, 11]
Cycle 1, Pick 3: Exclusion set size: 3, containing: [99, 11, 10]
Cycle 1, Pick 4: Exclusion set size: 4, containing: [99, 11, 10, 7]
Cycle 1, Pick 5: Exclusion set size: 5, containing: [99, 11, 10, 7, 4]
Cycle 2, Pick 1: Exclusion set size: 1, containing: [99]
Cycle 2, Pick 2: Exclusion set size: 2, containing: [99, 1]
Cycle 2, Pick 3: Exclusion set size: 3, containing: [99, 1, 19]
Cycle 2, Pick 4: Exclusion set size: 4, containing: [99, 1, 19, 3]
Cycle 2, Pick 5: Exclusion set size: 5, containing: [99, 1, 19, 3, 10]
Cycle 3, Pick 1: Exclusion set size: 1, containing: [99]
Cycle 3, Pick 2: Exclusion set size: 2, containing: [99, 19]
Cycle 3, Pick 3: Exclusion set size: 3, containing: [99, 19, 14]
Cycle 3, Pick 4: Exclusion set size: 4, containing: [99, 19, 14, 7]
Cycle 3, Pick 5: Exclusion set size: 5, containing: [99, 19, 14, 7, 20]
Cycle 4, Pick 1: Exclusion set size: 1, containing: [99]
Cycle 4, Pick 2: Exclusion set size: 2, containing: [99, 6]
Cycle 4, Pick 3: Exclusion set size: 3, containing: [99, 6, 17]
Cycle 4, Pick 4: Exclusion set size: 4, containing: [99, 6, 17, 20]
Cycle 4, Pick 5: Exclusion set size: 5, containing: [99, 6, 17, 20, 8]
Cycle 5, Pick 1: Exclusion set size: 1, containing: [99]
Cycle 5, Pick 2: Exclusion set size: 2, containing: [99, 16]
Cycle 5, Pick 3: Exclusion set size: 3, containing: [99, 16, 4]
Cycle 5, Pick 4: Exclusion set size: 4, containing: [99, 16, 4, 19]
Cycle 5, Pick 5: Exclusion set size: 5, containing: [99, 16, 4, 19, 15]
Cycle 6, Pick 1: Exclusion set size: 1, containing: [99]
Cycle 6, Pick 2: Exclusion set size: 2, containing: [99, 8]
Cycle 6, Pick 3: Exclusion set size: 3, containing: [99, 8, 12]
Cycle 6, Pick 4: Exclusion set size: 4, containing: [99, 8, 12, 18]
Cycle 6, Pick 5: Exclusion set size: 5, containing: [99, 8, 12, 18, 4]
Cycle 7, Pick 1: Exclusion set size: 1, containing: [99]
Cycle 7, Pick 2: Exclusion set size: 2, containing: [99, 13]
Cycle 7, Pick 3: Exclusion set size: 3, containing: [99, 13, 11]
Cycle 7, Pick 4: Exclusion set size: 4, containing: [99, 13, 11, 9]
Cycle 7, Pick 5: Exclusion set size: 5, containing: [99, 13, 11, 9, 20]
Cycle 8, Pick 1: Exclusion set size: 1, containing: [99]
Cycle 8, Pick 2: Exclusion set size: 2, containing: [99, 7]
Cycle 8, Pick 3: Exclusion set size: 3, containing: [99, 7, 15]
Cycle 8, Pick 4: Exclusion set size: 4, containing: [99, 7, 15, 5]
Cycle 8, Pick 5: Exclusion set size: 5, containing: [99, 7, 15, 5, 17]
Cycle 9, Pick 1: Exclusion set size: 1, containing: [99]
Cycle 9, Pick 2: Exclusion set size: 2, containing: [99, 17]
Cycle 9, Pick 3: Exclusion set size: 3, containing: [99, 17, 9]
Cycle 9, Pick 4: Exclusion set size: 4, containing: [99, 17, 9, 12]
Cycle 9, Pick 5: Exclusion set size: 5, containing: [99, 17, 9, 12, 20]
Cycle 10, Pick 1: Exclusion set size: 1, containing: [99]
Cycle 10, Pick 2: Exclusion set size: 2, containing: [99, 3]
Cycle 10, Pick 3: Exclusion set size: 3, containing: [99, 3, 20]
Cycle 10, Pick 4: Exclusion set size: 4, containing: [99, 3, 20, 1]
Cycle 10, Pick 5: Exclusion set size: 5, containing: [99, 3, 20, 1, 4]
Cycle 11, Pick 1: Exclusion set size: 1, containing: [99]
Cycle 11, Pick 2: Exclusion set size: 2, containing: [99, 8]
Cycle 11, Pick 3: Exclusion set size: 3, containing: [99, 8, 5]
Cycle 11, Pick 4: Exclusion set size: 4, containing: [99, 8, 5, 12]
Cycle 11, Pick 5: Exclusion set size: 5, containing: [99, 8, 5, 12, 4]
Cycle 12, Pick 1: Exclusion set size: 1, containing: [99]
Cycle 12, Pick 2: Exclusion set size: 2, containing: [99, 3]
Cycle 12, Pick 3: Exclusion set size: 3, containing: [99, 3, 7]
Cycle 12, Pick 4: Exclusion set size: 4, containing: [99, 3, 7, 2]
Cycle 12, Pick 5: Exclusion set size: 5, containing: [99, 3, 7, 2, 9]
Cycle 13, Pick 1: Exclusion set size: 1, containing: [99]
Cycle 13, Pick 2: Exclusion set size: 2, containing: [99, 9]
Cycle 13, Pick 3: Exclusion set size: 3, containing: [99, 9, 3]
Cycle 13, Pick 4: Exclusion set size: 4, containing: [99, 9, 3, 16]
Cycle 13, Pick 5: Exclusion set size: 5, containing: [99, 9, 3, 16, 20]
Cycle 14, Pick 1: Exclusion set size: 1, containing: [99]
Cycle 14, Pick 2: Exclusion set size: 2, containing: [99, 20]
Cycle 14, Pick 3: Exclusion set size: 3, containing: [99, 20, 6]
Cycle 14, Pick 4: Exclusion set size: 4, containing: [99, 20, 6, 1]
Cycle 14, Pick 5: Exclusion set size: 5, containing: [99, 20, 6, 1, 16]
Cycle 15, Pick 1: Exclusion set size: 1, containing: [99]
Cycle 15, Pick 2: Exclusion set size: 2, containing: [99, 14]
Cycle 15, Pick 3: Exclusion set size: 3, containing: [99, 14, 6]
Cycle 15, Pick 4: Exclusion set size: 4, containing: [99, 14, 6, 17]
Cycle 15, Pick 5: Exclusion set size: 5, containing: [99, 14, 6, 17, 3]
Cycle 16, Pick 1: Exclusion set size: 1, containing: [99]
Cycle 16, Pick 2: Exclusion set size: 2, containing: [99, 1]
Cycle 16, Pick 3: Exclusion set size: 3, containing: [99, 1, 10]
Cycle 16, Pick 4: Exclusion set size: 4, containing: [99, 1, 10, 16]
Cycle 16, Pick 5: Exclusion set size: 5, containing: [99, 1, 10, 16, 8]
Cycle 17, Pick 1: Exclusion set size: 1, containing: [99]
Cycle 17, Pick 2: Exclusion set size: 2, containing: [99, 9]
Cycle 17, Pick 3: Exclusion set size: 3, containing: [99, 9, 1]
Cycle 17, Pick 4: Exclusion set size: 4, containing: [99, 9, 1, 4]
Cycle 17, Pick 5: Exclusion set size: 5, containing: [99, 9, 1, 4, 6]
Cycle 18, Pick 1: Exclusion set size: 1, containing: [99]
Cycle 18, Pick 2: Exclusion set size: 2, containing: [99, 19]
Cycle 18, Pick 3: Exclusion set size: 3, containing: [99, 19, 17]
Cycle 18, Pick 4: Exclusion set size: 4, containing: [99, 19, 17, 9]
Cycle 18, Pick 5: Exclusion set size: 5, containing: [99, 19, 17, 9, 3]
Cycle 19, Pick 1: Exclusion set size: 1, containing: [99]
Cycle 19, Pick 2: Exclusion set size: 2, containing: [99, 17]
Cycle 19, Pick 3: Exclusion set size: 3, containing: [99, 17, 4]
Cycle 19, Pick 4: Exclusion set size: 4, containing: [99, 17, 4, 12]
Cycle 19, Pick 5: Exclusion set size: 5, containing: [99, 17, 4, 12, 9]
Cycle 20, Pick 1: Exclusion set size: 1, containing: [99]
Cycle 20, Pick 2: Exclusion set size: 2, containing: [99, 9]
Cycle 20, Pick 3: Exclusion set size: 3, containing: [99, 9, 14]
Cycle 20, Pick 4: Exclusion set size: 4, containing: [99, 9, 14, 18]
Cycle 20, Pick 5: Exclusion set size: 5, containing: [99, 9, 14, 18, 17]
Cycle 21, Pick 1: Exclusion set size: 1, containing: [99]
Cycle 21, Pick 2: Exclusion set size: 2, containing: [99, 15]
Cycle 21, Pick 3: Exclusion set size: 3, containing: [99, 15, 4]
Cycle 21, Pick 4: Exclusion set size: 4, containing: [99, 15, 4, 5]
Cycle 21, Pick 5: Exclusion set size: 5, containing: [99, 15, 4, 5, 16]
Cycle 22, Pick 1: Exclusion set size: 1, containing: [99]
Cycle 22, Pick 2: Exclusion set size: 2, containing: [99, 6]
Cycle 22, Pick 3: Exclusion set size: 3, containing: [99, 6, 19]
Cycle 22, Pick 4: Exclusion set size: 4, containing: [99, 6, 19, 7]
Cycle 22, Pick 5: Exclusion set size: 5, containing: [99, 6, 19, 7, 12]
Cycle 23, Pick 1: Exclusion set size: 1, containing: [99]
Cycle 23, Pick 2: Exclusion set size: 2, containing: [99, 14]
Cycle 23, Pick 3: Exclusion set size: 3, containing: [99, 14, 8]
Cycle 23, Pick 4: Exclusion set size: 4, containing: [99, 14, 8, 9]
Cycle 23, Pick 5: Exclusion set size: 5, containing: [99, 14, 8, 9, 6]
Cycle 24, Pick 1: Exclusion set size: 1, containing: [99]
Cycle 24, Pick 2: Exclusion set size: 2, containing: [99, 9]
Cycle 24, Pick 3: Exclusion set size: 3, containing: [99, 9, 10]
Cycle 24, Pick 4: Exclusion set size: 4, containing: [99, 9, 10, 2]
Cycle 24, Pick 5: Exclusion set size: 5, containing: [99, 9, 10, 2, 16]
Cycle 25, Pick 1: Exclusion set size: 1, containing: [99]
Cycle 25, Pick 2: Exclusion set size: 2, containing: [99, 13]
Cycle 25, Pick 3: Exclusion set size: 3, containing: [99, 13, 11]
Cycle 25, Pick 4: Exclusion set size: 4, containing: [99, 13, 11, 9]
Cycle 25, Pick 5: Exclusion set size: 5, containing: [99, 13, 11, 9, 8]
Cycle 26, Pick 1: Exclusion set size: 1, containing: [99]
Cycle 26, Pick 2: Exclusion set size: 2, containing: [99, 5]
Cycle 26, Pick 3: Exclusion set size: 3, containing: [99, 5, 15]
Cycle 26, Pick 4: Exclusion set size: 4, containing: [99, 5, 15, 7]
Cycle 26, Pick 5: Exclusion set size: 5, containing: [99, 5, 15, 7, 10]
Cycle 27, Pick 1: Exclusion set size: 1, containing: [99]
Cycle 27, Pick 2: Exclusion set size: 2, containing: [99, 8]
Cycle 27, Pick 3: Exclusion set size: 3, containing: [99, 8, 7]
Cycle 27, Pick 4: Exclusion set size: 4, containing: [99, 8, 7, 20]
Cycle 27, Pick 5: Exclusion set size: 5, containing: [99, 8, 7, 20, 11]
Cycle 28, Pick 1: Exclusion set size: 1, containing: [99]
Cycle 28, Pick 2: Exclusion set size: 2, containing: [99, 1]
Cycle 28, Pick 3: Exclusion set size: 3, containing: [99, 1, 16]
Cycle 28, Pick 4: Exclusion set size: 4, containing: [99, 1, 16, 17]
Cycle 28, Pick 5: Exclusion set size: 5, containing: [99, 1, 16, 17, 8]
Cycle 29, Pick 1: Exclusion set size: 1, containing: [99]
Cycle 29, Pick 2: Exclusion set size: 2, containing: [99, 2]
Cycle 29, Pick 3: Exclusion set size: 3, containing: [99, 2, 20]
Cycle 29, Pick 4: Exclusion set size: 4, containing: [99, 2, 20, 5]
Cycle 29, Pick 5: Exclusion set size: 5, containing: [99, 2, 20, 5, 19]
Cycle 30, Pick 1: Exclusion set size: 1, containing: [99]
Cycle 30, Pick 2: Exclusion set size: 2, containing: [99, 2]
Cycle 30, Pick 3: Exclusion set size: 3, containing: [99, 2, 18]
Cycle 30, Pick 4: Exclusion set size: 4, containing: [99, 2, 18, 16]
Cycle 30, Pick 5: Exclusion set size: 5, containing: [99, 2, 18, 16, 10]
Cycle 31, Pick 1: Exclusion set size: 1, containing: [99]
Cycle 31, Pick 2: Exclusion set size: 2, containing: [99, 18]
Cycle 31, Pick 3: Exclusion set size: 3, containing: [99, 18, 5]
Cycle 31, Pick 4: Exclusion set size: 4, containing: [99, 18, 5, 14]
Cycle 31, Pick 5: Exclusion set size: 5, containing: [99, 18, 5, 14, 7]
Cycle 32, Pick 1: Exclusion set size: 1, containing: [99]
Cycle 32, Pick 2: Exclusion set size: 2, containing: [99, 15]
Cycle 32, Pick 3: Exclusion set size: 3, containing: [99, 15, 19]
Cycle 32, Pick 4: Exclusion set size: 4, containing: [99, 15, 19, 14]
Cycle 32, Pick 5: Exclusion set size: 5, containing: [99, 15, 19, 14, 2]
Cycle 33, Pick 1: Exclusion set size: 1, containing: [99]
Cycle 33, Pick 2: Exclusion set size: 2, containing: [99, 7]
Cycle 33, Pick 3: Exclusion set size: 3, containing: [99, 7, 12]
Cycle 33, Pick 4: Exclusion set size: 4, containing: [99, 7, 12, 15]
Cycle 33, Pick 5: Exclusion set size: 5, containing: [99, 7, 12, 15, 4]
Cycle 34, Pick 1: Exclusion set size: 1, containing: [99]
Cycle 34, Pick 2: Exclusion set size: 2, containing: [99, 2]
Cycle 34, Pick 3: Exclusion set size: 3, containing: [99, 2, 16]
Cycle 34, Pick 4: Exclusion set size: 4, containing: [99, 2, 16, 5]
Cycle 34, Pick 5: Exclusion set size: 5, containing: [99, 2, 16, 5, 3]
Cycle 35, Pick 1: Exclusion set size: 1, containing: [99]
Cycle 35, Pick 2: Exclusion set size: 2, containing: [99, 4]
Cycle 35, Pick 3: Exclusion set size: 3, containing: [99, 4, 11]
Cycle 35, Pick 4: Exclusion set size: 4, containing: [99, 4, 11, 3]
Cycle 35, Pick 5: Exclusion set size: 5, containing: [99, 4, 11, 3, 13]
Cycle 36, Pick 1: Exclusion set size: 1, containing: [99]
Cycle 36, Pick 2: Exclusion set size: 2, containing: [99, 16]
Cycle 36, Pick 3: Exclusion set size: 3, containing: [99, 16, 14]
Cycle 36, Pick 4: Exclusion set size: 4, containing: [99, 16, 14, 9]
Cycle 36, Pick 5: Exclusion set size: 5, containing: [99, 16, 14, 9, 20]
Cycle 37, Pick 1: Exclusion set size: 1, containing: [99]
Cycle 37, Pick 2: Exclusion set size: 2, containing: [99, 9]
Cycle 37, Pick 3: Exclusion set size: 3, containing: [99, 9, 8]
Cycle 37, Pick 4: Exclusion set size: 4, containing: [99, 9, 8, 16]
Cycle 37, Pick 5: Exclusion set size: 5, containing: [99, 9, 8, 16, 20]
Cycle 38, Pick 1: Exclusion set size: 1, containing: [99]
Cycle 38, Pick 2: Exclusion set size: 2, containing: [99, 19]
Cycle 38, Pick 3: Exclusion set size: 3, containing: [99, 19, 14]
Cycle 38, Pick 4: Exclusion set size: 4, containing: [99, 19, 14, 11]
Cycle 38, Pick 5: Exclusion set size: 5, containing: [99, 19, 14, 11, 17]
Cycle 39, Pick 1: Exclusion set size: 1, containing: [99]
Cycle 39, Pick 2: Exclusion set size: 2, containing: [99, 19]
Cycle 39, Pick 3: Exclusion set size: 3, containing: [99, 19, 5]
Cycle 39, Pick 4: Exclusion set size: 4, containing: [99, 19, 5, 8]
Cycle 39, Pick 5: Exclusion set size: 5, containing: [99, 19, 5, 8, 1]
Cycle 40, Pick 1: Exclusion set size: 1, containing: [99]
Cycle 40, Pick 2: Exclusion set size: 2, containing: [99, 15]
Cycle 40, Pick 3: Exclusion set size: 3, containing: [99, 15, 14]
Cycle 40, Pick 4: Exclusion set size: 4, containing: [99, 15, 14, 2]
Cycle 40, Pick 5: Exclusion set size: 5, containing: [99, 15, 14, 2, 9]
Cycle 41, Pick 1: Exclusion set size: 1, containing: [99]
Cycle 41, Pick 2: Exclusion set size: 2, containing: [99, 7]
Cycle 41, Pick 3: Exclusion set size: 3, containing: [99, 7, 1]
Cycle 41, Pick 4: Exclusion set size: 4, containing: [99, 7, 1, 20]
Cycle 41, Pick 5: Exclusion set size: 5, containing: [99, 7, 1, 20, 19]
Cycle 42, Pick 1: Exclusion set size: 1, containing: [99]
Cycle 42, Pick 2: Exclusion set size: 2, containing: [99, 11]
Cycle 42, Pick 3: Exclusion set size: 3, containing: [99, 11, 6]
Cycle 42, Pick 4: Exclusion set size: 4, containing: [99, 11, 6, 9]
Cycle 42, Pick 5: Exclusion set size: 5, containing: [99, 11, 6, 9, 1]
Cycle 43, Pick 1: Exclusion set size: 1, containing: [99]
Cycle 43, Pick 2: Exclusion set size: 2, containing: [99, 11]
Cycle 43, Pick 3: Exclusion set size: 3, containing: [99, 11, 1]
Cycle 43, Pick 4: Exclusion set size: 4, containing: [99, 11, 1, 15]
Cycle 43, Pick 5: Exclusion set size: 5, containing: [99, 11, 1, 15, 13]
Cycle 44, Pick 1: Exclusion set size: 1, containing: [99]
Cycle 44, Pick 2: Exclusion set size: 2, containing: [99, 12]
Cycle 44, Pick 3: Exclusion set size: 3, containing: [99, 12, 1]
Cycle 44, Pick 4: Exclusion set size: 4, containing: [99, 12, 1, 5]
Cycle 44, Pick 5: Exclusion set size: 5, containing: [99, 12, 1, 5, 18]
Cycle 45, Pick 1: Exclusion set size: 1, containing: [99]
Cycle 45, Pick 2: Exclusion set size: 2, containing: [99, 17]
Cycle 45, Pick 3: Exclusion set size: 3, containing: [99, 17, 2]
Cycle 45, Pick 4: Exclusion set size: 4, containing: [99, 17, 2, 8]
Cycle 45, Pick 5: Exclusion set size: 5, containing: [99, 17, 2, 8, 11]
Cycle 46, Pick 1: Exclusion set size: 1, containing: [99]
Cycle 46, Pick 2: Exclusion set size: 2, containing: [99, 17]
Cycle 46, Pick 3: Exclusion set size: 3, containing: [99, 17, 6]
Cycle 46, Pick 4: Exclusion set size: 4, containing: [99, 17, 6, 5]
Cycle 46, Pick 5: Exclusion set size: 5, containing: [99, 17, 6, 5, 1]
Cycle 47, Pick 1: Exclusion set size: 1, containing: [99]
Cycle 47, Pick 2: Exclusion set size: 2, containing: [99, 1]
Cycle 47, Pick 3: Exclusion set size: 3, containing: [99, 1, 13]
Cycle 47, Pick 4: Exclusion set size: 4, containing: [99, 1, 13, 19]
Cycle 47, Pick 5: Exclusion set size: 5, containing: [99, 1, 13, 19, 11]
Cycle 48, Pick 1: Exclusion set size: 1, containing: [99]
Cycle 48, Pick 2: Exclusion set size: 2, containing: [99, 17]
Cycle 48, Pick 3: Exclusion set size: 3, containing: [99, 17, 16]
Cycle 48, Pick 4: Exclusion set size: 4, containing: [99, 17, 16, 11]
Cycle 48, Pick 5: Exclusion set size: 5, containing: [99, 17, 16, 11, 9]
Cycle 49, Pick 1: Exclusion set size: 1, containing: [99]
Cycle 49, Pick 2: Exclusion set size: 2, containing: [99, 15]
Cycle 49, Pick 3: Exclusion set size: 3, containing: [99, 15, 7]
Cycle 49, Pick 4: Exclusion set size: 4, containing: [99, 15, 7, 1]
Cycle 49, Pick 5: Exclusion set size: 5, containing: [99, 15, 7, 1, 19]
Cycle 50, Pick 1: Exclusion set size: 1, containing: [99]
Cycle 50, Pick 2: Exclusion set size: 2, containing: [99, 16]
Cycle 50, Pick 3: Exclusion set size: 3, containing: [99, 16, 11]
Cycle 50, Pick 4: Exclusion set size: 4, containing: [99, 16, 11, 1]
Cycle 50, Pick 5: Exclusion set size: 5, containing: [99, 16, 11, 1, 8]
TEST RESULT: Out of 50 fill cycles, 0 contained a duplicate within the same batch.
]]></system-out>
  <system-err><![CDATA[]]></system-err>
</testsuite>
